17:48:55.531 [main] INFO  com.chengtech.ChengtechApplication - Starting ChengtechApplication on USERCHI-RRDBCTT with PID 12416 (F:\javaproject\chengtech\target\classes started by Administrator in F:\javaproject\chengtech)
17:48:55.534 [main] INFO  com.chengtech.ChengtechApplication - No active profile set, falling back to default profiles: default
17:48:55.615 [main] INFO  o.s.b.c.e.AnnotationConfigEmbeddedWebApplicationContext - Refreshing org.springframework.boot.context.embedded.AnnotationConfigEmbeddedWebApplicationContext@4690b489: startup date [Wed Dec 27 17:48:55 CST 2017]; root of context hierarchy
17:48:56.130 [background-preinit] INFO  o.h.validator.internal.util.Version - HV000001: Hibernate Validator 5.3.6.Final
17:48:57.394 [main] INFO  o.s.b.c.e.t.TomcatEmbeddedServletContainer - Tomcat initialized with port(s): 9090 (http)
17:48:57.430 [main] INFO  org.apache.catalina.core.StandardService - Starting service [Tomcat]
17:48:57.432 [main] INFO  org.apache.catalina.core.StandardEngine - Starting Servlet Engine: Apache Tomcat/8.5.23
17:48:57.596 [localhost-startStop-1] INFO  o.a.c.c.C.[Tomcat].[localhost].[/] - Initializing Spring embedded WebApplicationContext
17:48:57.597 [localhost-startStop-1] INFO  o.s.web.context.ContextLoader - Root WebApplicationContext: initialization completed in 1982 ms
17:48:57.724 [localhost-startStop-1] INFO  o.s.b.web.servlet.FilterRegistrationBean - Mapping filter: 'characterEncodingFilter' to: [/*]
17:48:57.724 [localhost-startStop-1] INFO  o.s.b.web.servlet.FilterRegistrationBean - Mapping filter: 'hiddenHttpMethodFilter' to: [/*]
17:48:57.724 [localhost-startStop-1] INFO  o.s.b.web.servlet.FilterRegistrationBean - Mapping filter: 'httpPutFormContentFilter' to: [/*]
17:48:57.724 [localhost-startStop-1] INFO  o.s.b.web.servlet.FilterRegistrationBean - Mapping filter: 'requestContextFilter' to: [/*]
17:48:57.725 [localhost-startStop-1] INFO  o.s.b.w.s.DelegatingFilterProxyRegistrationBean - Mapping filter: 'springSecurityFilterChain' to: [/*]
17:48:57.725 [localhost-startStop-1] INFO  o.s.b.w.servlet.ServletRegistrationBean - Mapping servlet: 'dispatcherServlet' to [/]
17:48:57.781 [main] ERROR o.s.b.b.PropertiesConfigurationFactory - Properties configuration failed validation
17:48:57.782 [main] ERROR o.s.b.b.PropertiesConfigurationFactory - Field error in object 'spring.datasource' on field 'type': rejected value [com.alibaba.druid.pool.DruidDataSource]; codes [typeMismatch.spring.datasource.type,typeMismatch.type,typeMismatch.java.lang.Class,typeMismatch]; arguments [org.springframework.context.support.DefaultMessageSourceResolvable: codes [spring.datasource.type,type]; arguments []; default message [type]]; default message [Failed to convert property value of type 'java.lang.String' to required type 'java.lang.Class' for property 'type'; nested exception is java.lang.IllegalArgumentException: Cannot find class [com.alibaba.druid.pool.DruidDataSource]]
17:48:57.797 [main] WARN  o.s.b.c.e.AnnotationConfigEmbeddedWebApplicationContext - Exception encountered during context initialization - cancelling refresh attempt: org.springframework.beans.factory.UnsatisfiedDependencyException: Error creating bean with name 'org.springframework.boot.autoconfigure.orm.jpa.HibernateJpaAutoConfiguration': Unsatisfied dependency expressed through constructor parameter 0; nested exception is org.springframework.beans.factory.UnsatisfiedDependencyException: Error creating bean with name 'dataSource' defined in class path resource [org/springframework/boot/autoconfigure/jdbc/DataSourceConfiguration$Generic.class]: Unsatisfied dependency expressed through method 'dataSource' parameter 0; nested exception is org.springframework.beans.factory.BeanCreationException: Error creating bean with name 'spring.datasource-org.springframework.boot.autoconfigure.jdbc.DataSourceProperties': Could not bind properties to DataSourceProperties (prefix=spring.datasource, ignoreInvalidFields=false, ignoreUnknownFields=true, ignoreNestedProperties=false); nested exception is org.springframework.validation.BindException: org.springframework.boot.bind.RelaxedDataBinder$RelaxedBeanPropertyBindingResult: 1 errors
Field error in object 'spring.datasource' on field 'type': rejected value [com.alibaba.druid.pool.DruidDataSource]; codes [typeMismatch.spring.datasource.type,typeMismatch.type,typeMismatch.java.lang.Class,typeMismatch]; arguments [org.springframework.context.support.DefaultMessageSourceResolvable: codes [spring.datasource.type,type]; arguments []; default message [type]]; default message [Failed to convert property value of type 'java.lang.String' to required type 'java.lang.Class' for property 'type'; nested exception is java.lang.IllegalArgumentException: Cannot find class [com.alibaba.druid.pool.DruidDataSource]]
17:48:57.811 [main] INFO  org.apache.catalina.core.StandardService - Stopping service [Tomcat]
17:48:57.911 [main] INFO  o.s.b.a.l.AutoConfigurationReportLoggingInitializer - 

Error starting ApplicationContext. To display the auto-configuration report re-run your application with 'debug' enabled.
17:48:57.918 [main] ERROR o.s.b.d.LoggingFailureAnalysisReporter - 

***************************
APPLICATION FAILED TO START
***************************

Description:

Binding to target org.springframework.boot.autoconfigure.jdbc.DataSourceProperties@46044faa failed:

    Property: spring.datasource.type
    Value: com.alibaba.druid.pool.DruidDataSource
    Reason: Failed to convert property value of type 'java.lang.String' to required type 'java.lang.Class' for property 'type'; nested exception is java.lang.IllegalArgumentException: Cannot find class [com.alibaba.druid.pool.DruidDataSource]


Action:

Update your application's configuration

17:50:31.092 [restartedMain] INFO  com.chengtech.ChengtechApplication - Starting ChengtechApplication on USERCHI-RRDBCTT with PID 15640 (F:\javaproject\chengtech\target\classes started by Administrator in F:\javaproject\chengtech)
17:50:31.093 [restartedMain] INFO  com.chengtech.ChengtechApplication - No active profile set, falling back to default profiles: default
17:50:31.126 [restartedMain] INFO  o.s.b.c.e.AnnotationConfigEmbeddedWebApplicationContext - Refreshing org.springframework.boot.context.embedded.AnnotationConfigEmbeddedWebApplicationContext@22e64805: startup date [Wed Dec 27 17:50:31 CST 2017]; root of context hierarchy
17:50:31.273 [background-preinit] INFO  o.h.validator.internal.util.Version - HV000001: Hibernate Validator 5.3.6.Final
17:50:32.488 [restartedMain] INFO  o.s.b.c.e.t.TomcatEmbeddedServletContainer - Tomcat initialized with port(s): 9090 (http)
17:50:32.498 [restartedMain] INFO  org.apache.catalina.core.StandardService - Starting service [Tomcat]
17:50:32.498 [restartedMain] INFO  org.apache.catalina.core.StandardEngine - Starting Servlet Engine: Apache Tomcat/8.5.23
17:50:32.825 [localhost-startStop-1] INFO  org.apache.jasper.servlet.TldScanner - At least one JAR was scanned for TLDs yet contained no TLDs. Enable debug logging for this logger for a complete list of JARs that were scanned but no TLDs were found in them. Skipping unneeded JARs during scanning can improve startup time and JSP compilation time.
17:50:32.830 [localhost-startStop-1] INFO  o.a.c.c.C.[Tomcat].[localhost].[/] - Initializing Spring embedded WebApplicationContext
17:50:32.830 [localhost-startStop-1] INFO  o.s.web.context.ContextLoader - Root WebApplicationContext: initialization completed in 1704 ms
17:50:32.967 [localhost-startStop-1] INFO  o.s.b.web.servlet.FilterRegistrationBean - Mapping filter: 'characterEncodingFilter' to: [/*]
17:50:32.968 [localhost-startStop-1] INFO  o.s.b.web.servlet.FilterRegistrationBean - Mapping filter: 'hiddenHttpMethodFilter' to: [/*]
17:50:32.968 [localhost-startStop-1] INFO  o.s.b.web.servlet.FilterRegistrationBean - Mapping filter: 'httpPutFormContentFilter' to: [/*]
17:50:32.968 [localhost-startStop-1] INFO  o.s.b.web.servlet.FilterRegistrationBean - Mapping filter: 'requestContextFilter' to: [/*]
17:50:32.969 [localhost-startStop-1] INFO  o.s.b.w.s.DelegatingFilterProxyRegistrationBean - Mapping filter: 'springSecurityFilterChain' to: [/*]
17:50:32.969 [localhost-startStop-1] INFO  o.s.b.w.servlet.ServletRegistrationBean - Mapping servlet: 'dispatcherServlet' to [/]
17:50:33.256 [restartedMain] INFO  o.s.o.j.LocalContainerEntityManagerFactoryBean - Building JPA container EntityManagerFactory for persistence unit 'default'
17:50:33.273 [restartedMain] INFO  o.hibernate.jpa.internal.util.LogHelper - HHH000204: Processing PersistenceUnitInfo [
	name: default
	...]
17:50:33.367 [restartedMain] INFO  org.hibernate.Version - HHH000412: Hibernate Core {5.0.12.Final}
17:50:33.367 [restartedMain] INFO  org.hibernate.cfg.Environment - HHH000206: hibernate.properties not found
17:50:33.368 [restartedMain] INFO  org.hibernate.cfg.Environment - HHH000021: Bytecode provider name : javassist
17:50:33.517 [restartedMain] INFO  org.hibernate.annotations.common.Version - HCANN000001: Hibernate Commons Annotations {5.0.1.Final}
17:50:34.139 [restartedMain] INFO  com.alibaba.druid.pool.DruidDataSource - {dataSource-1} inited
17:50:34.730 [restartedMain] INFO  org.hibernate.dialect.Dialect - HHH000400: Using dialect: org.hibernate.dialect.MySQL5Dialect
17:50:35.198 [restartedMain] INFO  org.hibernate.tool.hbm2ddl.SchemaUpdate - HHH000228: Running hbm2ddl schema update
17:50:35.254 [restartedMain] INFO  o.s.o.j.LocalContainerEntityManagerFactoryBean - Initialized JPA EntityManagerFactory for persistence unit 'default'
17:50:35.516 [restartedMain] INFO  o.s.w.s.m.m.a.RequestMappingHandlerAdapter - Looking for @ControllerAdvice: org.springframework.boot.context.embedded.AnnotationConfigEmbeddedWebApplicationContext@22e64805: startup date [Wed Dec 27 17:50:31 CST 2017]; root of context hierarchy
17:50:35.582 [restartedMain] INFO  o.s.w.s.m.m.a.RequestMappingHandlerMapping - Mapped "{[/error]}" onto public org.springframework.http.ResponseEntity<java.util.Map<java.lang.String, java.lang.Object>> org.springframework.boot.autoconfigure.web.BasicErrorController.error(javax.servlet.http.HttpServletRequest)
17:50:35.583 [restartedMain] INFO  o.s.w.s.m.m.a.RequestMappingHandlerMapping - Mapped "{[/error],produces=[text/html]}" onto public org.springframework.web.servlet.ModelAndView org.springframework.boot.autoconfigure.web.BasicErrorController.errorHtml(javax.servlet.http.HttpServletRequest,javax.servlet.http.HttpServletResponse)
17:50:35.607 [restartedMain] INFO  o.s.w.s.handler.SimpleUrlHandlerMapping - Mapped URL path [/webjars/**] onto handler of type [class org.springframework.web.servlet.resource.ResourceHttpRequestHandler]
17:50:35.607 [restartedMain] INFO  o.s.w.s.handler.SimpleUrlHandlerMapping - Mapped URL path [/**] onto handler of type [class org.springframework.web.servlet.resource.ResourceHttpRequestHandler]
17:50:35.638 [restartedMain] INFO  o.s.w.s.handler.SimpleUrlHandlerMapping - Mapped URL path [/**/favicon.ico] onto handler of type [class org.springframework.web.servlet.resource.ResourceHttpRequestHandler]
17:50:35.950 [restartedMain] INFO  o.s.b.a.s.AuthenticationManagerConfiguration - 

Using default security password: 729206a0-30c7-4ae8-b64e-9cf4a405ea5c

17:50:36.001 [restartedMain] INFO  o.s.s.web.DefaultSecurityFilterChain - Creating filter chain: OrRequestMatcher [requestMatchers=[Ant [pattern='/css/**'], Ant [pattern='/js/**'], Ant [pattern='/images/**'], Ant [pattern='/webjars/**'], Ant [pattern='/**/favicon.ico'], Ant [pattern='/error']]], []
17:50:36.061 [restartedMain] INFO  o.s.s.web.DefaultSecurityFilterChain - Creating filter chain: OrRequestMatcher [requestMatchers=[Ant [pattern='/**']]], [org.springframework.security.web.context.request.async.WebAsyncManagerIntegrationFilter@36fe7484, org.springframework.security.web.context.SecurityContextPersistenceFilter@6bbcf1d7, org.springframework.security.web.header.HeaderWriterFilter@62c070ae, org.springframework.security.web.authentication.logout.LogoutFilter@1eaca69a, org.springframework.security.web.authentication.www.BasicAuthenticationFilter@57d589a8, org.springframework.security.web.savedrequest.RequestCacheAwareFilter@5521f925, org.springframework.security.web.servletapi.SecurityContextHolderAwareRequestFilter@2e97eb3d, org.springframework.security.web.authentication.AnonymousAuthenticationFilter@6f732550, org.springframework.security.web.session.SessionManagementFilter@78e7e866, org.springframework.security.web.access.ExceptionTranslationFilter@515b09c, org.springframework.security.web.access.intercept.FilterSecurityInterceptor@643ce183]
17:50:36.158 [restartedMain] INFO  o.s.b.d.a.OptionalLiveReloadServer - LiveReload server is running on port 35729
17:50:36.201 [restartedMain] INFO  o.s.j.e.a.AnnotationMBeanExporter - Registering beans for JMX exposure on startup
17:50:36.202 [restartedMain] INFO  o.s.j.e.a.AnnotationMBeanExporter - Bean with name 'dataSource' has been autodetected for JMX exposure
17:50:36.205 [restartedMain] INFO  o.s.j.e.a.AnnotationMBeanExporter - Located MBean 'dataSource': registering with JMX server as MBean [com.alibaba.druid.pool:name=dataSource,type=DruidDataSource]
17:50:36.215 [restartedMain] INFO  o.apache.coyote.http11.Http11NioProtocol - Initializing ProtocolHandler ["http-nio-9090"]
17:50:36.251 [restartedMain] INFO  o.apache.coyote.http11.Http11NioProtocol - Starting ProtocolHandler ["http-nio-9090"]
17:50:36.297 [restartedMain] INFO  o.apache.tomcat.util.net.NioSelectorPool - Using a shared selector for servlet write/read
17:50:36.355 [restartedMain] INFO  o.s.b.c.e.t.TomcatEmbeddedServletContainer - Tomcat started on port(s): 9090 (http)
17:50:36.358 [restartedMain] INFO  com.chengtech.ChengtechApplication - Started ChengtechApplication in 5.487 seconds (JVM running for 6.016)
17:50:56.873 [http-nio-9090-exec-4] INFO  o.a.c.c.C.[Tomcat].[localhost].[/] - Initializing Spring FrameworkServlet 'dispatcherServlet'
17:50:56.873 [http-nio-9090-exec-4] INFO  o.s.web.servlet.DispatcherServlet - FrameworkServlet 'dispatcherServlet': initialization started
17:50:56.885 [http-nio-9090-exec-4] INFO  o.s.web.servlet.DispatcherServlet - FrameworkServlet 'dispatcherServlet': initialization completed in 11 ms
17:51:27.851 [Thread-6] INFO  o.s.b.c.e.AnnotationConfigEmbeddedWebApplicationContext - Closing org.springframework.boot.context.embedded.AnnotationConfigEmbeddedWebApplicationContext@22e64805: startup date [Wed Dec 27 17:50:31 CST 2017]; root of context hierarchy
17:51:27.857 [Thread-6] INFO  o.s.j.e.a.AnnotationMBeanExporter - Unregistering JMX-exposed beans on shutdown
17:51:27.858 [Thread-6] INFO  o.s.j.e.a.AnnotationMBeanExporter - Unregistering JMX-exposed beans
17:51:27.860 [Thread-6] INFO  o.s.o.j.LocalContainerEntityManagerFactoryBean - Closing JPA EntityManagerFactory for persistence unit 'default'
17:51:27.866 [Thread-6] INFO  com.alibaba.druid.pool.DruidDataSource - {dataSource-1} closed
17:51:28.229 [restartedMain] INFO  com.chengtech.ChengtechApplication - Starting ChengtechApplication on USERCHI-RRDBCTT with PID 15640 (F:\javaproject\chengtech\target\classes started by Administrator in F:\javaproject\chengtech)
17:51:28.230 [restartedMain] INFO  com.chengtech.ChengtechApplication - No active profile set, falling back to default profiles: default
17:51:28.231 [restartedMain] INFO  o.s.b.c.e.AnnotationConfigEmbeddedWebApplicationContext - Refreshing org.springframework.boot.context.embedded.AnnotationConfigEmbeddedWebApplicationContext@165c43e5: startup date [Wed Dec 27 17:51:28 CST 2017]; root of context hierarchy
17:51:28.613 [restartedMain] INFO  o.s.b.c.e.t.TomcatEmbeddedServletContainer - Tomcat initialized with port(s): 9090 (http)
17:51:28.614 [restartedMain] INFO  org.apache.catalina.core.StandardService - Starting service [Tomcat]
17:51:28.614 [restartedMain] INFO  org.apache.catalina.core.StandardEngine - Starting Servlet Engine: Apache Tomcat/8.5.23
17:51:28.704 [localhost-startStop-1] INFO  org.apache.jasper.servlet.TldScanner - At least one JAR was scanned for TLDs yet contained no TLDs. Enable debug logging for this logger for a complete list of JARs that were scanned but no TLDs were found in them. Skipping unneeded JARs during scanning can improve startup time and JSP compilation time.
17:51:28.707 [localhost-startStop-1] INFO  o.a.c.c.C.[Tomcat].[localhost].[/] - Initializing Spring embedded WebApplicationContext
17:51:28.707 [localhost-startStop-1] INFO  o.s.web.context.ContextLoader - Root WebApplicationContext: initialization completed in 476 ms
17:51:28.735 [localhost-startStop-1] INFO  o.s.b.web.servlet.FilterRegistrationBean - Mapping filter: 'characterEncodingFilter' to: [/*]
17:51:28.735 [localhost-startStop-1] INFO  o.s.b.web.servlet.FilterRegistrationBean - Mapping filter: 'hiddenHttpMethodFilter' to: [/*]
17:51:28.735 [localhost-startStop-1] INFO  o.s.b.web.servlet.FilterRegistrationBean - Mapping filter: 'httpPutFormContentFilter' to: [/*]
17:51:28.735 [localhost-startStop-1] INFO  o.s.b.web.servlet.FilterRegistrationBean - Mapping filter: 'requestContextFilter' to: [/*]
17:51:28.735 [localhost-startStop-1] INFO  o.s.b.w.s.DelegatingFilterProxyRegistrationBean - Mapping filter: 'springSecurityFilterChain' to: [/*]
17:51:28.736 [localhost-startStop-1] INFO  o.s.b.w.servlet.ServletRegistrationBean - Mapping servlet: 'dispatcherServlet' to [/]
17:51:28.771 [restartedMain] INFO  o.s.o.j.LocalContainerEntityManagerFactoryBean - Building JPA container EntityManagerFactory for persistence unit 'default'
17:51:28.771 [restartedMain] INFO  o.hibernate.jpa.internal.util.LogHelper - HHH000204: Processing PersistenceUnitInfo [
	name: default
	...]
17:51:28.779 [restartedMain] INFO  com.alibaba.druid.pool.DruidDataSource - {dataSource-2} inited
17:51:28.783 [restartedMain] INFO  org.hibernate.dialect.Dialect - HHH000400: Using dialect: org.hibernate.dialect.MySQL5Dialect
17:51:28.793 [restartedMain] INFO  org.hibernate.tool.hbm2ddl.SchemaUpdate - HHH000228: Running hbm2ddl schema update
17:51:28.794 [restartedMain] INFO  o.s.o.j.LocalContainerEntityManagerFactoryBean - Initialized JPA EntityManagerFactory for persistence unit 'default'
17:51:28.857 [restartedMain] INFO  o.s.w.s.m.m.a.RequestMappingHandlerAdapter - Looking for @ControllerAdvice: org.springframework.boot.context.embedded.AnnotationConfigEmbeddedWebApplicationContext@165c43e5: startup date [Wed Dec 27 17:51:28 CST 2017]; root of context hierarchy
17:51:28.863 [restartedMain] INFO  o.s.w.s.m.m.a.RequestMappingHandlerMapping - Mapped "{[/error]}" onto public org.springframework.http.ResponseEntity<java.util.Map<java.lang.String, java.lang.Object>> org.springframework.boot.autoconfigure.web.BasicErrorController.error(javax.servlet.http.HttpServletRequest)
17:51:28.863 [restartedMain] INFO  o.s.w.s.m.m.a.RequestMappingHandlerMapping - Mapped "{[/error],produces=[text/html]}" onto public org.springframework.web.servlet.ModelAndView org.springframework.boot.autoconfigure.web.BasicErrorController.errorHtml(javax.servlet.http.HttpServletRequest,javax.servlet.http.HttpServletResponse)
17:51:28.870 [restartedMain] INFO  o.s.w.s.handler.SimpleUrlHandlerMapping - Mapped URL path [/webjars/**] onto handler of type [class org.springframework.web.servlet.resource.ResourceHttpRequestHandler]
17:51:28.870 [restartedMain] INFO  o.s.w.s.handler.SimpleUrlHandlerMapping - Mapped URL path [/**] onto handler of type [class org.springframework.web.servlet.resource.ResourceHttpRequestHandler]
17:51:28.878 [restartedMain] INFO  o.s.w.s.handler.SimpleUrlHandlerMapping - Mapped URL path [/**/favicon.ico] onto handler of type [class org.springframework.web.servlet.resource.ResourceHttpRequestHandler]
17:51:28.921 [restartedMain] INFO  o.s.b.a.s.AuthenticationManagerConfiguration - 

Using default security password: 369a9542-405f-41dd-8e10-03273704ba9f

17:51:28.923 [restartedMain] INFO  o.s.s.web.DefaultSecurityFilterChain - Creating filter chain: OrRequestMatcher [requestMatchers=[Ant [pattern='/css/**'], Ant [pattern='/js/**'], Ant [pattern='/images/**'], Ant [pattern='/webjars/**'], Ant [pattern='/**/favicon.ico'], Ant [pattern='/error']]], []
17:51:28.927 [restartedMain] INFO  o.s.s.web.DefaultSecurityFilterChain - Creating filter chain: OrRequestMatcher [requestMatchers=[Ant [pattern='/**']]], [org.springframework.security.web.context.request.async.WebAsyncManagerIntegrationFilter@44826374, org.springframework.security.web.context.SecurityContextPersistenceFilter@489b18f1, org.springframework.security.web.header.HeaderWriterFilter@794f14fc, org.springframework.security.web.authentication.logout.LogoutFilter@3791cb0d, org.springframework.security.web.authentication.www.BasicAuthenticationFilter@275d019e, org.springframework.security.web.savedrequest.RequestCacheAwareFilter@8eab7c7, org.springframework.security.web.servletapi.SecurityContextHolderAwareRequestFilter@903bad2, org.springframework.security.web.authentication.AnonymousAuthenticationFilter@3a4dcbd, org.springframework.security.web.session.SessionManagementFilter@7089d4b3, org.springframework.security.web.access.ExceptionTranslationFilter@4888732, org.springframework.security.web.access.intercept.FilterSecurityInterceptor@18fbe370]
17:51:28.943 [restartedMain] INFO  o.s.b.d.a.OptionalLiveReloadServer - LiveReload server is running on port 35729
17:51:28.965 [restartedMain] INFO  o.s.j.e.a.AnnotationMBeanExporter - Registering beans for JMX exposure on startup
17:51:28.966 [restartedMain] INFO  o.s.j.e.a.AnnotationMBeanExporter - Bean with name 'dataSource' has been autodetected for JMX exposure
17:51:28.967 [restartedMain] INFO  o.s.j.e.a.AnnotationMBeanExporter - Located MBean 'dataSource': registering with JMX server as MBean [com.alibaba.druid.pool:name=dataSource,type=DruidDataSource]
17:51:28.970 [restartedMain] INFO  o.apache.coyote.http11.Http11NioProtocol - Initializing ProtocolHandler ["http-nio-9090"]
17:51:28.970 [restartedMain] INFO  o.apache.coyote.http11.Http11NioProtocol - Starting ProtocolHandler ["http-nio-9090"]
17:51:28.971 [restartedMain] INFO  o.apache.tomcat.util.net.NioSelectorPool - Using a shared selector for servlet write/read
17:51:28.973 [restartedMain] INFO  o.s.b.c.e.t.TomcatEmbeddedServletContainer - Tomcat started on port(s): 9090 (http)
17:51:28.975 [restartedMain] INFO  com.chengtech.ChengtechApplication - Started ChengtechApplication in 0.78 seconds (JVM running for 58.634)
17:51:30.727 [RMI TCP Connection(2)-192.168.3.65] INFO  o.s.b.a.SpringApplicationAdminMXBeanRegistrar$SpringApplicationAdmin - Application shutdown requested.
17:51:30.727 [RMI TCP Connection(2)-192.168.3.65] INFO  o.s.b.c.e.AnnotationConfigEmbeddedWebApplicationContext - Closing org.springframework.boot.context.embedded.AnnotationConfigEmbeddedWebApplicationContext@165c43e5: startup date [Wed Dec 27 17:51:28 CST 2017]; root of context hierarchy
17:51:30.729 [RMI TCP Connection(2)-192.168.3.65] INFO  o.s.j.e.a.AnnotationMBeanExporter - Unregistering JMX-exposed beans on shutdown
17:51:30.729 [RMI TCP Connection(2)-192.168.3.65] INFO  o.s.j.e.a.AnnotationMBeanExporter - Unregistering JMX-exposed beans
17:51:30.729 [RMI TCP Connection(2)-192.168.3.65] INFO  o.s.o.j.LocalContainerEntityManagerFactoryBean - Closing JPA EntityManagerFactory for persistence unit 'default'
17:51:30.731 [RMI TCP Connection(2)-192.168.3.65] INFO  com.alibaba.druid.pool.DruidDataSource - {dataSource-2} closed
18:05:58.817 [restartedMain] INFO  com.chengtech.ChengtechApplication - Starting ChengtechApplication on USERCHI-RRDBCTT with PID 3432 (F:\javaproject\chengtech\target\classes started by Administrator in F:\javaproject\chengtech)
18:05:58.818 [restartedMain] INFO  com.chengtech.ChengtechApplication - No active profile set, falling back to default profiles: default
18:05:58.856 [restartedMain] INFO  o.s.b.c.e.AnnotationConfigEmbeddedWebApplicationContext - Refreshing org.springframework.boot.context.embedded.AnnotationConfigEmbeddedWebApplicationContext@422911cb: startup date [Wed Dec 27 18:05:58 CST 2017]; root of context hierarchy
18:05:58.993 [background-preinit] INFO  o.h.validator.internal.util.Version - HV000001: Hibernate Validator 5.3.6.Final
18:06:00.507 [restartedMain] INFO  o.s.b.c.e.t.TomcatEmbeddedServletContainer - Tomcat initialized with port(s): 8080 (http)
18:06:00.515 [restartedMain] INFO  org.apache.catalina.core.StandardService - Starting service [Tomcat]
18:06:00.515 [restartedMain] INFO  org.apache.catalina.core.StandardEngine - Starting Servlet Engine: Apache Tomcat/8.5.23
18:06:00.715 [localhost-startStop-1] INFO  org.apache.jasper.servlet.TldScanner - At least one JAR was scanned for TLDs yet contained no TLDs. Enable debug logging for this logger for a complete list of JARs that were scanned but no TLDs were found in them. Skipping unneeded JARs during scanning can improve startup time and JSP compilation time.
18:06:00.721 [localhost-startStop-1] INFO  o.a.c.c.C.[Tomcat].[localhost].[/] - Initializing Spring embedded WebApplicationContext
18:06:00.721 [localhost-startStop-1] INFO  o.s.web.context.ContextLoader - Root WebApplicationContext: initialization completed in 1865 ms
18:06:00.843 [localhost-startStop-1] INFO  o.s.b.web.servlet.FilterRegistrationBean - Mapping filter: 'characterEncodingFilter' to: [/*]
18:06:00.844 [localhost-startStop-1] INFO  o.s.b.web.servlet.FilterRegistrationBean - Mapping filter: 'hiddenHttpMethodFilter' to: [/*]
18:06:00.844 [localhost-startStop-1] INFO  o.s.b.web.servlet.FilterRegistrationBean - Mapping filter: 'httpPutFormContentFilter' to: [/*]
18:06:00.844 [localhost-startStop-1] INFO  o.s.b.web.servlet.FilterRegistrationBean - Mapping filter: 'requestContextFilter' to: [/*]
18:06:00.845 [localhost-startStop-1] INFO  o.s.b.w.s.DelegatingFilterProxyRegistrationBean - Mapping filter: 'springSecurityFilterChain' to: [/*]
18:06:00.845 [localhost-startStop-1] INFO  o.s.b.w.servlet.ServletRegistrationBean - Mapping servlet: 'dispatcherServlet' to [/]
18:06:00.943 [restartedMain] INFO  o.s.o.j.LocalContainerEntityManagerFactoryBean - Building JPA container EntityManagerFactory for persistence unit 'default'
18:06:00.958 [restartedMain] INFO  o.hibernate.jpa.internal.util.LogHelper - HHH000204: Processing PersistenceUnitInfo [
	name: default
	...]
18:06:01.008 [restartedMain] INFO  org.hibernate.Version - HHH000412: Hibernate Core {5.0.12.Final}
18:06:01.009 [restartedMain] INFO  org.hibernate.cfg.Environment - HHH000206: hibernate.properties not found
18:06:01.010 [restartedMain] INFO  org.hibernate.cfg.Environment - HHH000021: Bytecode provider name : javassist
18:06:01.084 [restartedMain] INFO  org.hibernate.annotations.common.Version - HCANN000001: Hibernate Commons Annotations {5.0.1.Final}
18:06:01.420 [restartedMain] INFO  com.alibaba.druid.pool.DruidDataSource - {dataSource-1} inited
18:06:01.429 [restartedMain] INFO  org.hibernate.dialect.Dialect - HHH000400: Using dialect: org.hibernate.dialect.MySQL5Dialect
18:06:01.862 [restartedMain] INFO  org.hibernate.tool.hbm2ddl.SchemaUpdate - HHH000228: Running hbm2ddl schema update
18:06:01.870 [restartedMain] INFO  o.h.t.s.e.i.InformationExtractorJdbcDatabaseMetaDataImpl - HHH000262: Table not found: sys_resource
18:06:01.871 [restartedMain] INFO  o.h.t.s.e.i.InformationExtractorJdbcDatabaseMetaDataImpl - HHH000262: Table not found: sys_resource
18:06:02.207 [restartedMain] INFO  o.h.t.s.e.i.InformationExtractorJdbcDatabaseMetaDataImpl - HHH000262: Table not found: sys_role
18:06:02.211 [restartedMain] INFO  o.h.t.s.e.i.InformationExtractorJdbcDatabaseMetaDataImpl - HHH000262: Table not found: sys_role
18:06:02.249 [restartedMain] INFO  o.h.t.s.e.i.InformationExtractorJdbcDatabaseMetaDataImpl - HHH000262: Table not found: sys_role_resources
18:06:02.249 [restartedMain] INFO  o.h.t.s.e.i.InformationExtractorJdbcDatabaseMetaDataImpl - HHH000262: Table not found: sys_role_resources
18:06:02.302 [restartedMain] INFO  o.h.t.s.e.i.InformationExtractorJdbcDatabaseMetaDataImpl - HHH000262: Table not found: sys_user
18:06:02.305 [restartedMain] INFO  o.h.t.s.e.i.InformationExtractorJdbcDatabaseMetaDataImpl - HHH000262: Table not found: sys_user
18:06:02.367 [restartedMain] INFO  o.h.t.s.e.i.InformationExtractorJdbcDatabaseMetaDataImpl - HHH000262: Table not found: sys_user_roles
18:06:02.368 [restartedMain] INFO  o.h.t.s.e.i.InformationExtractorJdbcDatabaseMetaDataImpl - HHH000262: Table not found: sys_user_roles
18:06:02.802 [restartedMain] INFO  o.s.o.j.LocalContainerEntityManagerFactoryBean - Initialized JPA EntityManagerFactory for persistence unit 'default'
18:06:02.850 [restartedMain] INFO  o.s.c.ehcache.EhCacheManagerFactoryBean - Initializing EhCache CacheManager
18:06:02.851 [restartedMain] WARN  o.s.b.c.e.AnnotationConfigEmbeddedWebApplicationContext - Exception encountered during context initialization - cancelling refresh attempt: org.springframework.beans.factory.UnsatisfiedDependencyException: Error creating bean with name 'ehCacheCacheManager' defined in class path resource [com/chengtech/config/CacheConfiguration.class]: Unsatisfied dependency expressed through method 'ehCacheCacheManager' parameter 0; nested exception is org.springframework.beans.factory.BeanCreationException: Error creating bean with name 'ehCacheManagerFactoryBean' defined in class path resource [com/chengtech/config/CacheConfiguration.class]: Invocation of init method failed; nested exception is net.sf.ehcache.CacheException: Failed to parse EhCache configuration resource
18:06:02.851 [restartedMain] INFO  o.s.o.j.LocalContainerEntityManagerFactoryBean - Closing JPA EntityManagerFactory for persistence unit 'default'
18:06:02.854 [restartedMain] INFO  com.alibaba.druid.pool.DruidDataSource - {dataSource-1} closed
18:06:02.856 [restartedMain] INFO  org.apache.catalina.core.StandardService - Stopping service [Tomcat]
18:06:02.863 [restartedMain] INFO  o.s.b.a.l.AutoConfigurationReportLoggingInitializer - 

Error starting ApplicationContext. To display the auto-configuration report re-run your application with 'debug' enabled.
18:06:02.867 [restartedMain] ERROR o.springframework.boot.SpringApplication - Application startup failed
org.springframework.beans.factory.UnsatisfiedDependencyException: Error creating bean with name 'ehCacheCacheManager' defined in class path resource [com/chengtech/config/CacheConfiguration.class]: Unsatisfied dependency expressed through method 'ehCacheCacheManager' parameter 0; nested exception is org.springframework.beans.factory.BeanCreationException: Error creating bean with name 'ehCacheManagerFactoryBean' defined in class path resource [com/chengtech/config/CacheConfiguration.class]: Invocation of init method failed; nested exception is net.sf.ehcache.CacheException: Failed to parse EhCache configuration resource
	at org.springframework.beans.factory.support.ConstructorResolver.createArgumentArray(ConstructorResolver.java:749)
	at org.springframework.beans.factory.support.ConstructorResolver.instantiateUsingFactoryMethod(ConstructorResolver.java:467)
	at org.springframework.beans.factory.support.AbstractAutowireCapableBeanFactory.instantiateUsingFactoryMethod(AbstractAutowireCapableBeanFactory.java:1173)
	at org.springframework.beans.factory.support.AbstractAutowireCapableBeanFactory.createBeanInstance(AbstractAutowireCapableBeanFactory.java:1067)
	at org.springframework.beans.factory.support.AbstractAutowireCapableBeanFactory.doCreateBean(AbstractAutowireCapableBeanFactory.java:513)
	at org.springframework.beans.factory.support.AbstractAutowireCapableBeanFactory.createBean(AbstractAutowireCapableBeanFactory.java:483)
	at org.springframework.beans.factory.support.AbstractBeanFactory$1.getObject(AbstractBeanFactory.java:306)
	at org.springframework.beans.factory.support.DefaultSingletonBeanRegistry.getSingleton(DefaultSingletonBeanRegistry.java:230)
	at org.springframework.beans.factory.support.AbstractBeanFactory.doGetBean(AbstractBeanFactory.java:302)
	at org.springframework.beans.factory.support.AbstractBeanFactory.getBean(AbstractBeanFactory.java:197)
	at org.springframework.beans.factory.support.DefaultListableBeanFactory.preInstantiateSingletons(DefaultListableBeanFactory.java:761)
	at org.springframework.context.support.AbstractApplicationContext.finishBeanFactoryInitialization(AbstractApplicationContext.java:867)
	at org.springframework.context.support.AbstractApplicationContext.refresh(AbstractApplicationContext.java:543)
	at org.springframework.boot.context.embedded.EmbeddedWebApplicationContext.refresh(EmbeddedWebApplicationContext.java:122)
	at org.springframework.boot.SpringApplication.refresh(SpringApplication.java:693)
	at org.springframework.boot.SpringApplication.refreshContext(SpringApplication.java:360)
	at org.springframework.boot.SpringApplication.run(SpringApplication.java:303)
	at org.springframework.boot.SpringApplication.run(SpringApplication.java:1118)
	at org.springframework.boot.SpringApplication.run(SpringApplication.java:1107)
	at com.chengtech.ChengtechApplication.main(ChengtechApplication.java:10)
	at sun.reflect.NativeMethodAccessorImpl.invoke0(Native Method)
	at sun.reflect.NativeMethodAccessorImpl.invoke(NativeMethodAccessorImpl.java:62)
	at sun.reflect.DelegatingMethodAccessorImpl.invoke(DelegatingMethodAccessorImpl.java:43)
	at java.lang.reflect.Method.invoke(Method.java:498)
	at org.springframework.boot.devtools.restart.RestartLauncher.run(RestartLauncher.java:49)
Caused by: org.springframework.beans.factory.BeanCreationException: Error creating bean with name 'ehCacheManagerFactoryBean' defined in class path resource [com/chengtech/config/CacheConfiguration.class]: Invocation of init method failed; nested exception is net.sf.ehcache.CacheException: Failed to parse EhCache configuration resource
	at org.springframework.beans.factory.support.AbstractAutowireCapableBeanFactory.initializeBean(AbstractAutowireCapableBeanFactory.java:1628)
	at org.springframework.beans.factory.support.AbstractAutowireCapableBeanFactory.doCreateBean(AbstractAutowireCapableBeanFactory.java:555)
	at org.springframework.beans.factory.support.AbstractAutowireCapableBeanFactory.createBean(AbstractAutowireCapableBeanFactory.java:483)
	at org.springframework.beans.factory.support.AbstractBeanFactory$1.getObject(AbstractBeanFactory.java:306)
	at org.springframework.beans.factory.support.DefaultSingletonBeanRegistry.getSingleton(DefaultSingletonBeanRegistry.java:230)
	at org.springframework.beans.factory.support.AbstractBeanFactory.doGetBean(AbstractBeanFactory.java:302)
	at org.springframework.beans.factory.support.AbstractBeanFactory.getBean(AbstractBeanFactory.java:202)
	at org.springframework.beans.factory.config.DependencyDescriptor.resolveCandidate(DependencyDescriptor.java:208)
	at org.springframework.beans.factory.support.DefaultListableBeanFactory.doResolveDependency(DefaultListableBeanFactory.java:1138)
	at org.springframework.beans.factory.support.DefaultListableBeanFactory.resolveDependency(DefaultListableBeanFactory.java:1066)
	at org.springframework.beans.factory.support.ConstructorResolver.resolveAutowiredArgument(ConstructorResolver.java:835)
	at org.springframework.beans.factory.support.ConstructorResolver.createArgumentArray(ConstructorResolver.java:741)
	... 24 common frames omitted
Caused by: net.sf.ehcache.CacheException: Failed to parse EhCache configuration resource
	at org.springframework.cache.ehcache.EhCacheManagerUtils.parseConfiguration(EhCacheManagerUtils.java:111)
	at org.springframework.cache.ehcache.EhCacheManagerFactoryBean.afterPropertiesSet(EhCacheManagerFactoryBean.java:135)
	at org.springframework.beans.factory.support.AbstractAutowireCapableBeanFactory.invokeInitMethods(AbstractAutowireCapableBeanFactory.java:1687)
	at org.springframework.beans.factory.support.AbstractAutowireCapableBeanFactory.initializeBean(AbstractAutowireCapableBeanFactory.java:1624)
	... 35 common frames omitted
Caused by: java.io.FileNotFoundException: class path resource [conf/ehcache.xml] cannot be opened because it does not exist
	at org.springframework.core.io.ClassPathResource.getInputStream(ClassPathResource.java:172)
	at org.springframework.cache.ehcache.EhCacheManagerUtils.parseConfiguration(EhCacheManagerUtils.java:107)
	... 38 common frames omitted
18:06:49.293 [restartedMain] INFO  com.chengtech.ChengtechApplication - Starting ChengtechApplication on USERCHI-RRDBCTT with PID 1428 (F:\javaproject\chengtech\target\classes started by Administrator in F:\javaproject\chengtech)
18:06:49.294 [restartedMain] INFO  com.chengtech.ChengtechApplication - No active profile set, falling back to default profiles: default
18:06:49.330 [restartedMain] INFO  o.s.b.c.e.AnnotationConfigEmbeddedWebApplicationContext - Refreshing org.springframework.boot.context.embedded.AnnotationConfigEmbeddedWebApplicationContext@422911cb: startup date [Wed Dec 27 18:06:49 CST 2017]; root of context hierarchy
18:06:49.481 [background-preinit] INFO  o.h.validator.internal.util.Version - HV000001: Hibernate Validator 5.3.6.Final
18:06:50.909 [restartedMain] INFO  o.s.b.c.e.t.TomcatEmbeddedServletContainer - Tomcat initialized with port(s): 8080 (http)
18:06:50.917 [restartedMain] INFO  org.apache.catalina.core.StandardService - Starting service [Tomcat]
18:06:50.918 [restartedMain] INFO  org.apache.catalina.core.StandardEngine - Starting Servlet Engine: Apache Tomcat/8.5.23
18:06:51.103 [localhost-startStop-1] INFO  org.apache.jasper.servlet.TldScanner - At least one JAR was scanned for TLDs yet contained no TLDs. Enable debug logging for this logger for a complete list of JARs that were scanned but no TLDs were found in them. Skipping unneeded JARs during scanning can improve startup time and JSP compilation time.
18:06:51.107 [localhost-startStop-1] INFO  o.a.c.c.C.[Tomcat].[localhost].[/] - Initializing Spring embedded WebApplicationContext
18:06:51.108 [localhost-startStop-1] INFO  o.s.web.context.ContextLoader - Root WebApplicationContext: initialization completed in 1778 ms
18:06:51.227 [localhost-startStop-1] INFO  o.s.b.web.servlet.FilterRegistrationBean - Mapping filter: 'characterEncodingFilter' to: [/*]
18:06:51.228 [localhost-startStop-1] INFO  o.s.b.web.servlet.FilterRegistrationBean - Mapping filter: 'hiddenHttpMethodFilter' to: [/*]
18:06:51.228 [localhost-startStop-1] INFO  o.s.b.web.servlet.FilterRegistrationBean - Mapping filter: 'httpPutFormContentFilter' to: [/*]
18:06:51.228 [localhost-startStop-1] INFO  o.s.b.web.servlet.FilterRegistrationBean - Mapping filter: 'requestContextFilter' to: [/*]
18:06:51.228 [localhost-startStop-1] INFO  o.s.b.w.s.DelegatingFilterProxyRegistrationBean - Mapping filter: 'springSecurityFilterChain' to: [/*]
18:06:51.229 [localhost-startStop-1] INFO  o.s.b.w.servlet.ServletRegistrationBean - Mapping servlet: 'dispatcherServlet' to [/]
18:06:51.331 [restartedMain] INFO  o.s.o.j.LocalContainerEntityManagerFactoryBean - Building JPA container EntityManagerFactory for persistence unit 'default'
18:06:51.345 [restartedMain] INFO  o.hibernate.jpa.internal.util.LogHelper - HHH000204: Processing PersistenceUnitInfo [
	name: default
	...]
18:06:51.399 [restartedMain] INFO  org.hibernate.Version - HHH000412: Hibernate Core {5.0.12.Final}
18:06:51.400 [restartedMain] INFO  org.hibernate.cfg.Environment - HHH000206: hibernate.properties not found
18:06:51.401 [restartedMain] INFO  org.hibernate.cfg.Environment - HHH000021: Bytecode provider name : javassist
18:06:51.474 [restartedMain] INFO  org.hibernate.annotations.common.Version - HCANN000001: Hibernate Commons Annotations {5.0.1.Final}
18:06:51.722 [restartedMain] INFO  com.alibaba.druid.pool.DruidDataSource - {dataSource-1} inited
18:06:51.732 [restartedMain] INFO  org.hibernate.dialect.Dialect - HHH000400: Using dialect: org.hibernate.dialect.MySQL5Dialect
18:06:52.044 [restartedMain] INFO  org.hibernate.tool.hbm2ddl.SchemaUpdate - HHH000228: Running hbm2ddl schema update
18:06:52.560 [restartedMain] INFO  o.s.o.j.LocalContainerEntityManagerFactoryBean - Initialized JPA EntityManagerFactory for persistence unit 'default'
18:06:52.609 [restartedMain] INFO  o.s.c.ehcache.EhCacheManagerFactoryBean - Initializing EhCache CacheManager
18:06:53.074 [restartedMain] INFO  o.s.w.s.m.m.a.RequestMappingHandlerAdapter - Looking for @ControllerAdvice: org.springframework.boot.context.embedded.AnnotationConfigEmbeddedWebApplicationContext@422911cb: startup date [Wed Dec 27 18:06:49 CST 2017]; root of context hierarchy
18:06:53.131 [restartedMain] INFO  o.s.w.s.m.m.a.RequestMappingHandlerMapping - Mapped "{[/error]}" onto public org.springframework.http.ResponseEntity<java.util.Map<java.lang.String, java.lang.Object>> org.springframework.boot.autoconfigure.web.BasicErrorController.error(javax.servlet.http.HttpServletRequest)
18:06:53.132 [restartedMain] INFO  o.s.w.s.m.m.a.RequestMappingHandlerMapping - Mapped "{[/error],produces=[text/html]}" onto public org.springframework.web.servlet.ModelAndView org.springframework.boot.autoconfigure.web.BasicErrorController.errorHtml(javax.servlet.http.HttpServletRequest,javax.servlet.http.HttpServletResponse)
18:06:53.167 [restartedMain] INFO  o.s.w.s.handler.SimpleUrlHandlerMapping - Mapped URL path [/webjars/**] onto handler of type [class org.springframework.web.servlet.resource.ResourceHttpRequestHandler]
18:06:53.167 [restartedMain] INFO  o.s.w.s.handler.SimpleUrlHandlerMapping - Mapped URL path [/**] onto handler of type [class org.springframework.web.servlet.resource.ResourceHttpRequestHandler]
18:06:53.197 [restartedMain] INFO  o.s.w.s.handler.SimpleUrlHandlerMapping - Mapped URL path [/**/favicon.ico] onto handler of type [class org.springframework.web.servlet.resource.ResourceHttpRequestHandler]
18:06:53.421 [restartedMain] INFO  o.s.b.a.s.AuthenticationManagerConfiguration - 

Using default security password: 5f241e74-b294-4fea-b4e3-d820d95e20ad

18:06:53.460 [restartedMain] INFO  o.s.s.web.DefaultSecurityFilterChain - Creating filter chain: OrRequestMatcher [requestMatchers=[Ant [pattern='/css/**'], Ant [pattern='/js/**'], Ant [pattern='/images/**'], Ant [pattern='/webjars/**'], Ant [pattern='/**/favicon.ico'], Ant [pattern='/error']]], []
18:06:53.516 [restartedMain] INFO  o.s.s.web.DefaultSecurityFilterChain - Creating filter chain: OrRequestMatcher [requestMatchers=[Ant [pattern='/**']]], [org.springframework.security.web.context.request.async.WebAsyncManagerIntegrationFilter@3bd3a2ee, org.springframework.security.web.context.SecurityContextPersistenceFilter@aaf8201, org.springframework.security.web.header.HeaderWriterFilter@49248ad9, org.springframework.security.web.authentication.logout.LogoutFilter@589bc419, org.springframework.security.web.authentication.www.BasicAuthenticationFilter@7ccf58c7, org.springframework.security.web.savedrequest.RequestCacheAwareFilter@6678f822, org.springframework.security.web.servletapi.SecurityContextHolderAwareRequestFilter@637e4a69, org.springframework.security.web.authentication.AnonymousAuthenticationFilter@1ceba1bf, org.springframework.security.web.session.SessionManagementFilter@56884146, org.springframework.security.web.access.ExceptionTranslationFilter@386f26cb, org.springframework.security.web.access.intercept.FilterSecurityInterceptor@3c0bf859]
18:06:53.626 [restartedMain] INFO  o.s.b.d.a.OptionalLiveReloadServer - LiveReload server is running on port 35729
18:06:53.674 [restartedMain] INFO  o.s.j.e.a.AnnotationMBeanExporter - Registering beans for JMX exposure on startup
18:06:53.675 [restartedMain] INFO  o.s.j.e.a.AnnotationMBeanExporter - Bean with name 'dataSource' has been autodetected for JMX exposure
18:06:53.679 [restartedMain] INFO  o.s.j.e.a.AnnotationMBeanExporter - Located MBean 'dataSource': registering with JMX server as MBean [com.alibaba.druid.pool:name=dataSource,type=DruidDataSource]
18:06:53.688 [restartedMain] INFO  o.apache.coyote.http11.Http11NioProtocol - Initializing ProtocolHandler ["http-nio-8080"]
18:06:53.696 [restartedMain] INFO  o.apache.coyote.http11.Http11NioProtocol - Starting ProtocolHandler ["http-nio-8080"]
18:06:53.706 [restartedMain] INFO  o.apache.tomcat.util.net.NioSelectorPool - Using a shared selector for servlet write/read
18:06:53.726 [restartedMain] INFO  o.s.b.c.e.t.TomcatEmbeddedServletContainer - Tomcat started on port(s): 8080 (http)
18:06:53.731 [restartedMain] INFO  com.chengtech.ChengtechApplication - Started ChengtechApplication in 4.664 seconds (JVM running for 5.265)
18:09:17.234 [Thread-8] INFO  o.s.b.c.e.AnnotationConfigEmbeddedWebApplicationContext - Closing org.springframework.boot.context.embedded.AnnotationConfigEmbeddedWebApplicationContext@422911cb: startup date [Wed Dec 27 18:06:49 CST 2017]; root of context hierarchy
18:09:17.243 [Thread-8] INFO  o.s.j.e.a.AnnotationMBeanExporter - Unregistering JMX-exposed beans on shutdown
18:09:17.244 [Thread-8] INFO  o.s.j.e.a.AnnotationMBeanExporter - Unregistering JMX-exposed beans
18:09:17.248 [Thread-8] INFO  o.s.c.ehcache.EhCacheManagerFactoryBean - Shutting down EhCache CacheManager
18:09:17.278 [Thread-8] INFO  o.s.o.j.LocalContainerEntityManagerFactoryBean - Closing JPA EntityManagerFactory for persistence unit 'default'
18:09:17.284 [Thread-8] INFO  com.alibaba.druid.pool.DruidDataSource - {dataSource-1} closed
18:09:17.655 [restartedMain] INFO  com.chengtech.ChengtechApplication - Starting ChengtechApplication on USERCHI-RRDBCTT with PID 1428 (F:\javaproject\chengtech\target\classes started by Administrator in F:\javaproject\chengtech)
18:09:17.655 [restartedMain] INFO  com.chengtech.ChengtechApplication - No active profile set, falling back to default profiles: default
18:09:17.657 [restartedMain] INFO  o.s.b.c.e.AnnotationConfigEmbeddedWebApplicationContext - Refreshing org.springframework.boot.context.embedded.AnnotationConfigEmbeddedWebApplicationContext@31c3f473: startup date [Wed Dec 27 18:09:17 CST 2017]; root of context hierarchy
18:09:18.199 [restartedMain] INFO  o.s.b.c.e.t.TomcatEmbeddedServletContainer - Tomcat initialized with port(s): 8080 (http)
18:09:18.199 [restartedMain] INFO  org.apache.catalina.core.StandardService - Starting service [Tomcat]
18:09:18.200 [restartedMain] INFO  org.apache.catalina.core.StandardEngine - Starting Servlet Engine: Apache Tomcat/8.5.23
18:09:18.271 [localhost-startStop-1] INFO  org.apache.jasper.servlet.TldScanner - At least one JAR was scanned for TLDs yet contained no TLDs. Enable debug logging for this logger for a complete list of JARs that were scanned but no TLDs were found in them. Skipping unneeded JARs during scanning can improve startup time and JSP compilation time.
18:09:18.274 [localhost-startStop-1] INFO  o.a.c.c.C.[Tomcat].[localhost].[/] - Initializing Spring embedded WebApplicationContext
18:09:18.274 [localhost-startStop-1] INFO  o.s.web.context.ContextLoader - Root WebApplicationContext: initialization completed in 617 ms
18:09:18.311 [localhost-startStop-1] INFO  o.s.b.web.servlet.FilterRegistrationBean - Mapping filter: 'characterEncodingFilter' to: [/*]
18:09:18.311 [localhost-startStop-1] INFO  o.s.b.web.servlet.FilterRegistrationBean - Mapping filter: 'hiddenHttpMethodFilter' to: [/*]
18:09:18.311 [localhost-startStop-1] INFO  o.s.b.web.servlet.FilterRegistrationBean - Mapping filter: 'httpPutFormContentFilter' to: [/*]
18:09:18.311 [localhost-startStop-1] INFO  o.s.b.web.servlet.FilterRegistrationBean - Mapping filter: 'requestContextFilter' to: [/*]
18:09:18.311 [localhost-startStop-1] INFO  o.s.b.w.s.DelegatingFilterProxyRegistrationBean - Mapping filter: 'springSecurityFilterChain' to: [/*]
18:09:18.311 [localhost-startStop-1] INFO  o.s.b.w.servlet.ServletRegistrationBean - Mapping servlet: 'dispatcherServlet' to [/]
18:09:18.337 [restartedMain] INFO  o.s.o.j.LocalContainerEntityManagerFactoryBean - Building JPA container EntityManagerFactory for persistence unit 'default'
18:09:18.337 [restartedMain] INFO  o.hibernate.jpa.internal.util.LogHelper - HHH000204: Processing PersistenceUnitInfo [
	name: default
	...]
18:09:18.365 [restartedMain] INFO  com.alibaba.druid.pool.DruidDataSource - {dataSource-2} inited
18:09:18.366 [restartedMain] INFO  org.hibernate.dialect.Dialect - HHH000400: Using dialect: org.hibernate.dialect.MySQL5Dialect
18:09:18.423 [restartedMain] INFO  org.hibernate.tool.hbm2ddl.SchemaUpdate - HHH000228: Running hbm2ddl schema update
18:09:18.809 [restartedMain] INFO  o.s.o.j.LocalContainerEntityManagerFactoryBean - Initialized JPA EntityManagerFactory for persistence unit 'default'
18:09:18.829 [restartedMain] INFO  o.s.c.ehcache.EhCacheManagerFactoryBean - Initializing EhCache CacheManager
18:09:18.895 [restartedMain] INFO  o.s.w.s.m.m.a.RequestMappingHandlerAdapter - Looking for @ControllerAdvice: org.springframework.boot.context.embedded.AnnotationConfigEmbeddedWebApplicationContext@31c3f473: startup date [Wed Dec 27 18:09:17 CST 2017]; root of context hierarchy
18:09:18.903 [restartedMain] INFO  o.s.w.s.m.m.a.RequestMappingHandlerMapping - Mapped "{[/error]}" onto public org.springframework.http.ResponseEntity<java.util.Map<java.lang.String, java.lang.Object>> org.springframework.boot.autoconfigure.web.BasicErrorController.error(javax.servlet.http.HttpServletRequest)
18:09:18.903 [restartedMain] INFO  o.s.w.s.m.m.a.RequestMappingHandlerMapping - Mapped "{[/error],produces=[text/html]}" onto public org.springframework.web.servlet.ModelAndView org.springframework.boot.autoconfigure.web.BasicErrorController.errorHtml(javax.servlet.http.HttpServletRequest,javax.servlet.http.HttpServletResponse)
18:09:18.911 [restartedMain] INFO  o.s.w.s.handler.SimpleUrlHandlerMapping - Mapped URL path [/webjars/**] onto handler of type [class org.springframework.web.servlet.resource.ResourceHttpRequestHandler]
18:09:18.911 [restartedMain] INFO  o.s.w.s.handler.SimpleUrlHandlerMapping - Mapped URL path [/**] onto handler of type [class org.springframework.web.servlet.resource.ResourceHttpRequestHandler]
18:09:18.920 [restartedMain] INFO  o.s.w.s.handler.SimpleUrlHandlerMapping - Mapped URL path [/**/favicon.ico] onto handler of type [class org.springframework.web.servlet.resource.ResourceHttpRequestHandler]
18:09:18.966 [restartedMain] INFO  o.s.b.a.s.AuthenticationManagerConfiguration - 

Using default security password: c9198d72-6536-450c-a04a-0c0186ecede8

18:09:18.968 [restartedMain] INFO  o.s.s.web.DefaultSecurityFilterChain - Creating filter chain: OrRequestMatcher [requestMatchers=[Ant [pattern='/css/**'], Ant [pattern='/js/**'], Ant [pattern='/images/**'], Ant [pattern='/webjars/**'], Ant [pattern='/**/favicon.ico'], Ant [pattern='/error']]], []
18:09:18.973 [restartedMain] INFO  o.s.s.web.DefaultSecurityFilterChain - Creating filter chain: OrRequestMatcher [requestMatchers=[Ant [pattern='/**']]], [org.springframework.security.web.context.request.async.WebAsyncManagerIntegrationFilter@12eb5698, org.springframework.security.web.context.SecurityContextPersistenceFilter@3c472aee, org.springframework.security.web.header.HeaderWriterFilter@1d37dc96, org.springframework.security.web.authentication.logout.LogoutFilter@c5ece6b, org.springframework.security.web.authentication.www.BasicAuthenticationFilter@9cb8554, org.springframework.security.web.savedrequest.RequestCacheAwareFilter@234d8c75, org.springframework.security.web.servletapi.SecurityContextHolderAwareRequestFilter@3d27e6, org.springframework.security.web.authentication.AnonymousAuthenticationFilter@31915e0e, org.springframework.security.web.session.SessionManagementFilter@735fe60c, org.springframework.security.web.access.ExceptionTranslationFilter@1ff01cb7, org.springframework.security.web.access.intercept.FilterSecurityInterceptor@22e3de]
18:09:18.997 [restartedMain] INFO  o.s.b.d.a.OptionalLiveReloadServer - LiveReload server is running on port 35729
18:09:19.038 [restartedMain] INFO  o.s.j.e.a.AnnotationMBeanExporter - Registering beans for JMX exposure on startup
18:09:19.039 [restartedMain] INFO  o.s.j.e.a.AnnotationMBeanExporter - Bean with name 'dataSource' has been autodetected for JMX exposure
18:09:19.042 [restartedMain] INFO  o.s.j.e.a.AnnotationMBeanExporter - Located MBean 'dataSource': registering with JMX server as MBean [com.alibaba.druid.pool:name=dataSource,type=DruidDataSource]
18:09:19.046 [restartedMain] INFO  o.apache.coyote.http11.Http11NioProtocol - Initializing ProtocolHandler ["http-nio-8080"]
18:09:19.046 [restartedMain] INFO  o.apache.coyote.http11.Http11NioProtocol - Starting ProtocolHandler ["http-nio-8080"]
18:09:19.047 [restartedMain] INFO  o.apache.tomcat.util.net.NioSelectorPool - Using a shared selector for servlet write/read
18:09:19.050 [restartedMain] INFO  o.s.b.c.e.t.TomcatEmbeddedServletContainer - Tomcat started on port(s): 8080 (http)
18:09:19.052 [restartedMain] INFO  com.chengtech.ChengtechApplication - Started ChengtechApplication in 1.435 seconds (JVM running for 150.586)
18:09:27.500 [Thread-12] INFO  o.s.b.c.e.AnnotationConfigEmbeddedWebApplicationContext - Closing org.springframework.boot.context.embedded.AnnotationConfigEmbeddedWebApplicationContext@31c3f473: startup date [Wed Dec 27 18:09:17 CST 2017]; root of context hierarchy
18:09:27.503 [Thread-12] INFO  o.s.j.e.a.AnnotationMBeanExporter - Unregistering JMX-exposed beans on shutdown
18:09:27.503 [Thread-12] INFO  o.s.j.e.a.AnnotationMBeanExporter - Unregistering JMX-exposed beans
18:09:27.504 [Thread-12] INFO  o.s.c.ehcache.EhCacheManagerFactoryBean - Shutting down EhCache CacheManager
18:09:27.505 [Thread-12] INFO  o.s.o.j.LocalContainerEntityManagerFactoryBean - Closing JPA EntityManagerFactory for persistence unit 'default'
18:09:27.511 [Thread-12] INFO  com.alibaba.druid.pool.DruidDataSource - {dataSource-2} closed
18:09:27.848 [restartedMain] INFO  com.chengtech.ChengtechApplication - Starting ChengtechApplication on USERCHI-RRDBCTT with PID 1428 (F:\javaproject\chengtech\target\classes started by Administrator in F:\javaproject\chengtech)
18:09:27.849 [restartedMain] INFO  com.chengtech.ChengtechApplication - No active profile set, falling back to default profiles: default
18:09:27.852 [restartedMain] INFO  o.s.b.c.e.AnnotationConfigEmbeddedWebApplicationContext - Refreshing org.springframework.boot.context.embedded.AnnotationConfigEmbeddedWebApplicationContext@6807af8: startup date [Wed Dec 27 18:09:27 CST 2017]; root of context hierarchy
18:09:28.397 [restartedMain] INFO  o.s.b.c.e.t.TomcatEmbeddedServletContainer - Tomcat initialized with port(s): 8080 (http)
18:09:28.398 [restartedMain] INFO  org.apache.catalina.core.StandardService - Starting service [Tomcat]
18:09:28.398 [restartedMain] INFO  org.apache.catalina.core.StandardEngine - Starting Servlet Engine: Apache Tomcat/8.5.23
18:09:28.470 [localhost-startStop-1] INFO  org.apache.jasper.servlet.TldScanner - At least one JAR was scanned for TLDs yet contained no TLDs. Enable debug logging for this logger for a complete list of JARs that were scanned but no TLDs were found in them. Skipping unneeded JARs during scanning can improve startup time and JSP compilation time.
18:09:28.474 [localhost-startStop-1] INFO  o.a.c.c.C.[Tomcat].[localhost].[/] - Initializing Spring embedded WebApplicationContext
18:09:28.474 [localhost-startStop-1] INFO  o.s.web.context.ContextLoader - Root WebApplicationContext: initialization completed in 622 ms
18:09:28.506 [localhost-startStop-1] INFO  o.s.b.web.servlet.FilterRegistrationBean - Mapping filter: 'characterEncodingFilter' to: [/*]
18:09:28.506 [localhost-startStop-1] INFO  o.s.b.web.servlet.FilterRegistrationBean - Mapping filter: 'hiddenHttpMethodFilter' to: [/*]
18:09:28.506 [localhost-startStop-1] INFO  o.s.b.web.servlet.FilterRegistrationBean - Mapping filter: 'httpPutFormContentFilter' to: [/*]
18:09:28.506 [localhost-startStop-1] INFO  o.s.b.web.servlet.FilterRegistrationBean - Mapping filter: 'requestContextFilter' to: [/*]
18:09:28.506 [localhost-startStop-1] INFO  o.s.b.w.s.DelegatingFilterProxyRegistrationBean - Mapping filter: 'springSecurityFilterChain' to: [/*]
18:09:28.506 [localhost-startStop-1] INFO  o.s.b.w.servlet.ServletRegistrationBean - Mapping servlet: 'dispatcherServlet' to [/]
18:09:28.528 [restartedMain] INFO  o.s.o.j.LocalContainerEntityManagerFactoryBean - Building JPA container EntityManagerFactory for persistence unit 'default'
18:09:28.528 [restartedMain] INFO  o.hibernate.jpa.internal.util.LogHelper - HHH000204: Processing PersistenceUnitInfo [
	name: default
	...]
18:09:28.555 [restartedMain] INFO  com.alibaba.druid.pool.DruidDataSource - {dataSource-3} inited
18:09:28.555 [restartedMain] INFO  org.hibernate.dialect.Dialect - HHH000400: Using dialect: org.hibernate.dialect.MySQL5Dialect
18:09:28.578 [restartedMain] INFO  org.hibernate.tool.hbm2ddl.SchemaUpdate - HHH000228: Running hbm2ddl schema update
18:09:29.006 [restartedMain] INFO  o.s.o.j.LocalContainerEntityManagerFactoryBean - Initialized JPA EntityManagerFactory for persistence unit 'default'
18:09:29.039 [restartedMain] INFO  o.s.c.ehcache.EhCacheManagerFactoryBean - Initializing EhCache CacheManager
18:09:29.111 [restartedMain] INFO  o.s.w.s.m.m.a.RequestMappingHandlerAdapter - Looking for @ControllerAdvice: org.springframework.boot.context.embedded.AnnotationConfigEmbeddedWebApplicationContext@6807af8: startup date [Wed Dec 27 18:09:27 CST 2017]; root of context hierarchy
18:09:29.115 [restartedMain] INFO  o.s.w.s.m.m.a.RequestMappingHandlerMapping - Mapped "{[/error]}" onto public org.springframework.http.ResponseEntity<java.util.Map<java.lang.String, java.lang.Object>> org.springframework.boot.autoconfigure.web.BasicErrorController.error(javax.servlet.http.HttpServletRequest)
18:09:29.116 [restartedMain] INFO  o.s.w.s.m.m.a.RequestMappingHandlerMapping - Mapped "{[/error],produces=[text/html]}" onto public org.springframework.web.servlet.ModelAndView org.springframework.boot.autoconfigure.web.BasicErrorController.errorHtml(javax.servlet.http.HttpServletRequest,javax.servlet.http.HttpServletResponse)
18:09:29.121 [restartedMain] INFO  o.s.w.s.handler.SimpleUrlHandlerMapping - Mapped URL path [/webjars/**] onto handler of type [class org.springframework.web.servlet.resource.ResourceHttpRequestHandler]
18:09:29.121 [restartedMain] INFO  o.s.w.s.handler.SimpleUrlHandlerMapping - Mapped URL path [/**] onto handler of type [class org.springframework.web.servlet.resource.ResourceHttpRequestHandler]
18:09:29.130 [restartedMain] INFO  o.s.w.s.handler.SimpleUrlHandlerMapping - Mapped URL path [/**/favicon.ico] onto handler of type [class org.springframework.web.servlet.resource.ResourceHttpRequestHandler]
18:09:29.178 [restartedMain] INFO  o.s.b.a.s.AuthenticationManagerConfiguration - 

Using default security password: 8f6d5115-5e0d-44dc-9592-383bcd6e5a76

18:09:29.180 [restartedMain] INFO  o.s.s.web.DefaultSecurityFilterChain - Creating filter chain: OrRequestMatcher [requestMatchers=[Ant [pattern='/css/**'], Ant [pattern='/js/**'], Ant [pattern='/images/**'], Ant [pattern='/webjars/**'], Ant [pattern='/**/favicon.ico'], Ant [pattern='/error']]], []
18:09:29.185 [restartedMain] INFO  o.s.s.web.DefaultSecurityFilterChain - Creating filter chain: OrRequestMatcher [requestMatchers=[Ant [pattern='/**']]], [org.springframework.security.web.context.request.async.WebAsyncManagerIntegrationFilter@d62341, org.springframework.security.web.context.SecurityContextPersistenceFilter@370c8715, org.springframework.security.web.header.HeaderWriterFilter@55e93978, org.springframework.security.web.authentication.logout.LogoutFilter@7ec42786, org.springframework.security.web.authentication.www.BasicAuthenticationFilter@2da32364, org.springframework.security.web.savedrequest.RequestCacheAwareFilter@2e11e0f9, org.springframework.security.web.servletapi.SecurityContextHolderAwareRequestFilter@322f2eba, org.springframework.security.web.authentication.AnonymousAuthenticationFilter@6a57cd89, org.springframework.security.web.session.SessionManagementFilter@4121b0c1, org.springframework.security.web.access.ExceptionTranslationFilter@44aba5e8, org.springframework.security.web.access.intercept.FilterSecurityInterceptor@2c2ef2c5]
18:09:29.207 [restartedMain] INFO  o.s.b.d.a.OptionalLiveReloadServer - LiveReload server is running on port 35729
18:09:29.234 [restartedMain] INFO  o.s.j.e.a.AnnotationMBeanExporter - Registering beans for JMX exposure on startup
18:09:29.234 [restartedMain] INFO  o.s.j.e.a.AnnotationMBeanExporter - Bean with name 'dataSource' has been autodetected for JMX exposure
18:09:29.235 [restartedMain] INFO  o.s.j.e.a.AnnotationMBeanExporter - Located MBean 'dataSource': registering with JMX server as MBean [com.alibaba.druid.pool:name=dataSource,type=DruidDataSource]
18:09:29.239 [restartedMain] INFO  o.apache.coyote.http11.Http11NioProtocol - Initializing ProtocolHandler ["http-nio-8080"]
18:09:29.239 [restartedMain] INFO  o.apache.coyote.http11.Http11NioProtocol - Starting ProtocolHandler ["http-nio-8080"]
18:09:29.240 [restartedMain] INFO  o.apache.tomcat.util.net.NioSelectorPool - Using a shared selector for servlet write/read
18:09:29.242 [restartedMain] INFO  o.s.b.c.e.t.TomcatEmbeddedServletContainer - Tomcat started on port(s): 8080 (http)
18:09:29.244 [restartedMain] INFO  com.chengtech.ChengtechApplication - Started ChengtechApplication in 1.429 seconds (JVM running for 160.778)
18:09:29.467 [RMI TCP Connection(2)-192.168.3.65] INFO  o.s.b.a.SpringApplicationAdminMXBeanRegistrar$SpringApplicationAdmin - Application shutdown requested.
18:09:29.467 [RMI TCP Connection(2)-192.168.3.65] INFO  o.s.b.c.e.AnnotationConfigEmbeddedWebApplicationContext - Closing org.springframework.boot.context.embedded.AnnotationConfigEmbeddedWebApplicationContext@6807af8: startup date [Wed Dec 27 18:09:27 CST 2017]; root of context hierarchy
18:09:29.468 [RMI TCP Connection(2)-192.168.3.65] INFO  o.s.j.e.a.AnnotationMBeanExporter - Unregistering JMX-exposed beans on shutdown
18:09:29.469 [RMI TCP Connection(2)-192.168.3.65] INFO  o.s.j.e.a.AnnotationMBeanExporter - Unregistering JMX-exposed beans
18:09:29.469 [RMI TCP Connection(2)-192.168.3.65] INFO  o.s.c.ehcache.EhCacheManagerFactoryBean - Shutting down EhCache CacheManager
18:09:29.469 [RMI TCP Connection(2)-192.168.3.65] INFO  o.s.o.j.LocalContainerEntityManagerFactoryBean - Closing JPA EntityManagerFactory for persistence unit 'default'
18:09:29.472 [RMI TCP Connection(2)-192.168.3.65] INFO  com.alibaba.druid.pool.DruidDataSource - {dataSource-3} closed
18:19:48.674 [restartedMain] INFO  com.chengtech.ChengtechApplication - Starting ChengtechApplication on USERCHI-RRDBCTT with PID 10576 (F:\javaproject\chengtech\target\classes started by Administrator in F:\javaproject\chengtech)
18:19:48.674 [restartedMain] INFO  com.chengtech.ChengtechApplication - No active profile set, falling back to default profiles: default
18:19:48.706 [restartedMain] INFO  o.s.b.c.e.AnnotationConfigEmbeddedWebApplicationContext - Refreshing org.springframework.boot.context.embedded.AnnotationConfigEmbeddedWebApplicationContext@22e64805: startup date [Wed Dec 27 18:19:48 CST 2017]; root of context hierarchy
18:19:48.864 [background-preinit] INFO  o.h.validator.internal.util.Version - HV000001: Hibernate Validator 5.3.6.Final
18:19:50.376 [restartedMain] INFO  o.s.b.c.e.t.TomcatEmbeddedServletContainer - Tomcat initialized with port(s): 8080 (http)
18:19:50.385 [restartedMain] INFO  org.apache.catalina.core.StandardService - Starting service [Tomcat]
18:19:50.385 [restartedMain] INFO  org.apache.catalina.core.StandardEngine - Starting Servlet Engine: Apache Tomcat/8.5.23
18:19:50.583 [localhost-startStop-1] INFO  org.apache.jasper.servlet.TldScanner - At least one JAR was scanned for TLDs yet contained no TLDs. Enable debug logging for this logger for a complete list of JARs that were scanned but no TLDs were found in them. Skipping unneeded JARs during scanning can improve startup time and JSP compilation time.
18:19:50.588 [localhost-startStop-1] INFO  o.a.c.c.C.[Tomcat].[localhost].[/] - Initializing Spring embedded WebApplicationContext
18:19:50.589 [localhost-startStop-1] INFO  o.s.web.context.ContextLoader - Root WebApplicationContext: initialization completed in 1883 ms
18:19:50.721 [localhost-startStop-1] INFO  o.s.b.web.servlet.FilterRegistrationBean - Mapping filter: 'characterEncodingFilter' to: [/*]
18:19:50.722 [localhost-startStop-1] INFO  o.s.b.web.servlet.FilterRegistrationBean - Mapping filter: 'hiddenHttpMethodFilter' to: [/*]
18:19:50.722 [localhost-startStop-1] INFO  o.s.b.web.servlet.FilterRegistrationBean - Mapping filter: 'httpPutFormContentFilter' to: [/*]
18:19:50.722 [localhost-startStop-1] INFO  o.s.b.web.servlet.FilterRegistrationBean - Mapping filter: 'requestContextFilter' to: [/*]
18:19:50.723 [localhost-startStop-1] INFO  o.s.b.w.s.DelegatingFilterProxyRegistrationBean - Mapping filter: 'springSecurityFilterChain' to: [/*]
18:19:50.723 [localhost-startStop-1] INFO  o.s.b.w.servlet.ServletRegistrationBean - Mapping servlet: 'dispatcherServlet' to [/]
18:19:50.827 [restartedMain] INFO  o.s.o.j.LocalContainerEntityManagerFactoryBean - Building JPA container EntityManagerFactory for persistence unit 'default'
18:19:50.838 [restartedMain] INFO  o.hibernate.jpa.internal.util.LogHelper - HHH000204: Processing PersistenceUnitInfo [
	name: default
	...]
18:19:50.887 [restartedMain] INFO  org.hibernate.Version - HHH000412: Hibernate Core {5.0.12.Final}
18:19:50.888 [restartedMain] INFO  org.hibernate.cfg.Environment - HHH000206: hibernate.properties not found
18:19:50.889 [restartedMain] INFO  org.hibernate.cfg.Environment - HHH000021: Bytecode provider name : javassist
18:19:50.965 [restartedMain] INFO  org.hibernate.annotations.common.Version - HCANN000001: Hibernate Commons Annotations {5.0.1.Final}
18:19:51.219 [restartedMain] INFO  com.alibaba.druid.pool.DruidDataSource - {dataSource-1} inited
18:19:51.228 [restartedMain] INFO  org.hibernate.dialect.Dialect - HHH000400: Using dialect: org.hibernate.dialect.MySQL5Dialect
18:19:51.537 [restartedMain] INFO  org.hibernate.tool.hbm2ddl.SchemaUpdate - HHH000228: Running hbm2ddl schema update
18:19:52.106 [restartedMain] INFO  o.s.o.j.LocalContainerEntityManagerFactoryBean - Initialized JPA EntityManagerFactory for persistence unit 'default'
18:19:52.148 [restartedMain] INFO  o.s.c.ehcache.EhCacheManagerFactoryBean - Initializing EhCache CacheManager
18:19:52.469 [restartedMain] INFO  o.s.w.s.m.m.a.RequestMappingHandlerAdapter - Looking for @ControllerAdvice: org.springframework.boot.context.embedded.AnnotationConfigEmbeddedWebApplicationContext@22e64805: startup date [Wed Dec 27 18:19:48 CST 2017]; root of context hierarchy
18:19:52.527 [restartedMain] INFO  o.s.w.s.m.m.a.RequestMappingHandlerMapping - Mapped "{[/error]}" onto public org.springframework.http.ResponseEntity<java.util.Map<java.lang.String, java.lang.Object>> org.springframework.boot.autoconfigure.web.BasicErrorController.error(javax.servlet.http.HttpServletRequest)
18:19:52.528 [restartedMain] INFO  o.s.w.s.m.m.a.RequestMappingHandlerMapping - Mapped "{[/error],produces=[text/html]}" onto public org.springframework.web.servlet.ModelAndView org.springframework.boot.autoconfigure.web.BasicErrorController.errorHtml(javax.servlet.http.HttpServletRequest,javax.servlet.http.HttpServletResponse)
18:19:52.551 [restartedMain] INFO  o.s.w.s.handler.SimpleUrlHandlerMapping - Mapped URL path [/webjars/**] onto handler of type [class org.springframework.web.servlet.resource.ResourceHttpRequestHandler]
18:19:52.552 [restartedMain] INFO  o.s.w.s.handler.SimpleUrlHandlerMapping - Mapped URL path [/**] onto handler of type [class org.springframework.web.servlet.resource.ResourceHttpRequestHandler]
18:19:52.587 [restartedMain] INFO  o.s.w.s.handler.SimpleUrlHandlerMapping - Mapped URL path [/**/favicon.ico] onto handler of type [class org.springframework.web.servlet.resource.ResourceHttpRequestHandler]
18:19:52.836 [restartedMain] INFO  o.s.b.a.s.AuthenticationManagerConfiguration - 

Using default security password: b232e884-c4b0-4b45-b3b7-651e3e942465

18:19:52.876 [restartedMain] INFO  o.s.s.web.DefaultSecurityFilterChain - Creating filter chain: OrRequestMatcher [requestMatchers=[Ant [pattern='/css/**'], Ant [pattern='/js/**'], Ant [pattern='/images/**'], Ant [pattern='/webjars/**'], Ant [pattern='/**/favicon.ico'], Ant [pattern='/error']]], []
18:19:52.931 [restartedMain] INFO  o.s.s.web.DefaultSecurityFilterChain - Creating filter chain: OrRequestMatcher [requestMatchers=[Ant [pattern='/**']]], [org.springframework.security.web.context.request.async.WebAsyncManagerIntegrationFilter@7eb3c6c6, org.springframework.security.web.context.SecurityContextPersistenceFilter@7c872396, org.springframework.security.web.header.HeaderWriterFilter@19500336, org.springframework.security.web.authentication.logout.LogoutFilter@56ebd9f9, org.springframework.security.web.authentication.www.BasicAuthenticationFilter@1c3b7579, org.springframework.security.web.savedrequest.RequestCacheAwareFilter@1f877d9f, org.springframework.security.web.servletapi.SecurityContextHolderAwareRequestFilter@6320db69, org.springframework.security.web.authentication.AnonymousAuthenticationFilter@58834080, org.springframework.security.web.session.SessionManagementFilter@1665fee9, org.springframework.security.web.access.ExceptionTranslationFilter@1011670f, org.springframework.security.web.access.intercept.FilterSecurityInterceptor@c55e96e]
18:19:53.030 [restartedMain] INFO  o.s.b.d.a.OptionalLiveReloadServer - LiveReload server is running on port 35729
18:19:53.065 [restartedMain] INFO  o.s.j.e.a.AnnotationMBeanExporter - Registering beans for JMX exposure on startup
18:19:53.066 [restartedMain] INFO  o.s.j.e.a.AnnotationMBeanExporter - Bean with name 'dataSource' has been autodetected for JMX exposure
18:19:53.070 [restartedMain] INFO  o.s.j.e.a.AnnotationMBeanExporter - Located MBean 'dataSource': registering with JMX server as MBean [com.alibaba.druid.pool:name=dataSource,type=DruidDataSource]
18:19:53.081 [restartedMain] INFO  o.apache.coyote.http11.Http11NioProtocol - Initializing ProtocolHandler ["http-nio-8080"]
18:19:53.090 [restartedMain] INFO  o.apache.coyote.http11.Http11NioProtocol - Starting ProtocolHandler ["http-nio-8080"]
18:19:53.097 [restartedMain] INFO  o.apache.tomcat.util.net.NioSelectorPool - Using a shared selector for servlet write/read
18:19:53.116 [restartedMain] INFO  o.s.b.c.e.t.TomcatEmbeddedServletContainer - Tomcat started on port(s): 8080 (http)
18:19:53.121 [restartedMain] INFO  com.chengtech.ChengtechApplication - Started ChengtechApplication in 4.668 seconds (JVM running for 5.246)
18:20:38.537 [RMI TCP Connection(2)-192.168.3.65] INFO  o.s.b.a.SpringApplicationAdminMXBeanRegistrar$SpringApplicationAdmin - Application shutdown requested.
18:20:38.537 [RMI TCP Connection(2)-192.168.3.65] INFO  o.s.b.c.e.AnnotationConfigEmbeddedWebApplicationContext - Closing org.springframework.boot.context.embedded.AnnotationConfigEmbeddedWebApplicationContext@22e64805: startup date [Wed Dec 27 18:19:48 CST 2017]; root of context hierarchy
18:20:38.540 [RMI TCP Connection(2)-192.168.3.65] INFO  o.s.j.e.a.AnnotationMBeanExporter - Unregistering JMX-exposed beans on shutdown
18:20:38.540 [RMI TCP Connection(2)-192.168.3.65] INFO  o.s.j.e.a.AnnotationMBeanExporter - Unregistering JMX-exposed beans
18:20:38.541 [RMI TCP Connection(2)-192.168.3.65] INFO  o.s.c.ehcache.EhCacheManagerFactoryBean - Shutting down EhCache CacheManager
18:20:38.543 [RMI TCP Connection(2)-192.168.3.65] INFO  o.s.o.j.LocalContainerEntityManagerFactoryBean - Closing JPA EntityManagerFactory for persistence unit 'default'
18:20:38.546 [RMI TCP Connection(2)-192.168.3.65] INFO  com.alibaba.druid.pool.DruidDataSource - {dataSource-1} closed
18:20:45.966 [restartedMain] INFO  com.chengtech.ChengtechApplication - Starting ChengtechApplication on USERCHI-RRDBCTT with PID 6020 (F:\javaproject\chengtech\target\classes started by Administrator in F:\javaproject\chengtech)
18:20:45.967 [restartedMain] INFO  com.chengtech.ChengtechApplication - No active profile set, falling back to default profiles: default
18:20:46.000 [restartedMain] INFO  o.s.b.c.e.AnnotationConfigEmbeddedWebApplicationContext - Refreshing org.springframework.boot.context.embedded.AnnotationConfigEmbeddedWebApplicationContext@422911cb: startup date [Wed Dec 27 18:20:46 CST 2017]; root of context hierarchy
18:20:46.135 [background-preinit] INFO  o.h.validator.internal.util.Version - HV000001: Hibernate Validator 5.3.6.Final
18:20:47.601 [restartedMain] INFO  o.s.b.c.e.t.TomcatEmbeddedServletContainer - Tomcat initialized with port(s): 8080 (http)
18:20:47.609 [restartedMain] INFO  org.apache.catalina.core.StandardService - Starting service [Tomcat]
18:20:47.609 [restartedMain] INFO  org.apache.catalina.core.StandardEngine - Starting Servlet Engine: Apache Tomcat/8.5.23
18:20:47.802 [localhost-startStop-1] INFO  org.apache.jasper.servlet.TldScanner - At least one JAR was scanned for TLDs yet contained no TLDs. Enable debug logging for this logger for a complete list of JARs that were scanned but no TLDs were found in them. Skipping unneeded JARs during scanning can improve startup time and JSP compilation time.
18:20:47.806 [localhost-startStop-1] INFO  o.a.c.c.C.[Tomcat].[localhost].[/] - Initializing Spring embedded WebApplicationContext
18:20:47.806 [localhost-startStop-1] INFO  o.s.web.context.ContextLoader - Root WebApplicationContext: initialization completed in 1806 ms
18:20:47.937 [localhost-startStop-1] INFO  o.s.b.web.servlet.FilterRegistrationBean - Mapping filter: 'characterEncodingFilter' to: [/*]
18:20:47.937 [localhost-startStop-1] INFO  o.s.b.web.servlet.FilterRegistrationBean - Mapping filter: 'hiddenHttpMethodFilter' to: [/*]
18:20:47.937 [localhost-startStop-1] INFO  o.s.b.web.servlet.FilterRegistrationBean - Mapping filter: 'httpPutFormContentFilter' to: [/*]
18:20:47.937 [localhost-startStop-1] INFO  o.s.b.web.servlet.FilterRegistrationBean - Mapping filter: 'requestContextFilter' to: [/*]
18:20:47.938 [localhost-startStop-1] INFO  o.s.b.w.s.DelegatingFilterProxyRegistrationBean - Mapping filter: 'springSecurityFilterChain' to: [/*]
18:20:47.938 [localhost-startStop-1] INFO  o.s.b.w.servlet.ServletRegistrationBean - Mapping servlet: 'dispatcherServlet' to [/]
18:20:48.041 [restartedMain] INFO  o.s.o.j.LocalContainerEntityManagerFactoryBean - Building JPA container EntityManagerFactory for persistence unit 'default'
18:20:48.055 [restartedMain] INFO  o.hibernate.jpa.internal.util.LogHelper - HHH000204: Processing PersistenceUnitInfo [
	name: default
	...]
18:20:48.110 [restartedMain] INFO  org.hibernate.Version - HHH000412: Hibernate Core {5.0.12.Final}
18:20:48.111 [restartedMain] INFO  org.hibernate.cfg.Environment - HHH000206: hibernate.properties not found
18:20:48.112 [restartedMain] INFO  org.hibernate.cfg.Environment - HHH000021: Bytecode provider name : javassist
18:20:48.197 [restartedMain] INFO  org.hibernate.annotations.common.Version - HCANN000001: Hibernate Commons Annotations {5.0.1.Final}
18:20:48.467 [restartedMain] INFO  com.alibaba.druid.pool.DruidDataSource - {dataSource-1} inited
18:20:48.478 [restartedMain] INFO  org.hibernate.dialect.Dialect - HHH000400: Using dialect: org.hibernate.dialect.MySQL5Dialect
18:20:48.782 [restartedMain] INFO  org.hibernate.tool.hbm2ddl.SchemaUpdate - HHH000228: Running hbm2ddl schema update
18:20:48.790 [restartedMain] INFO  o.h.t.s.e.i.InformationExtractorJdbcDatabaseMetaDataImpl - HHH000262: Table not found: sys_resource
18:20:48.791 [restartedMain] INFO  o.h.t.s.e.i.InformationExtractorJdbcDatabaseMetaDataImpl - HHH000262: Table not found: sys_resource
18:20:48.886 [restartedMain] INFO  o.h.t.s.e.i.InformationExtractorJdbcDatabaseMetaDataImpl - HHH000262: Table not found: sys_role
18:20:48.887 [restartedMain] INFO  o.h.t.s.e.i.InformationExtractorJdbcDatabaseMetaDataImpl - HHH000262: Table not found: sys_role
18:20:48.923 [restartedMain] INFO  o.h.t.s.e.i.InformationExtractorJdbcDatabaseMetaDataImpl - HHH000262: Table not found: sys_role_resources
18:20:48.924 [restartedMain] INFO  o.h.t.s.e.i.InformationExtractorJdbcDatabaseMetaDataImpl - HHH000262: Table not found: sys_role_resources
18:20:48.971 [restartedMain] INFO  o.h.t.s.e.i.InformationExtractorJdbcDatabaseMetaDataImpl - HHH000262: Table not found: sys_user
18:20:48.976 [restartedMain] INFO  o.h.t.s.e.i.InformationExtractorJdbcDatabaseMetaDataImpl - HHH000262: Table not found: sys_user
18:20:49.017 [restartedMain] INFO  o.h.t.s.e.i.InformationExtractorJdbcDatabaseMetaDataImpl - HHH000262: Table not found: sys_user_roles
18:20:49.019 [restartedMain] INFO  o.h.t.s.e.i.InformationExtractorJdbcDatabaseMetaDataImpl - HHH000262: Table not found: sys_user_roles
18:20:49.389 [restartedMain] INFO  o.s.o.j.LocalContainerEntityManagerFactoryBean - Initialized JPA EntityManagerFactory for persistence unit 'default'
18:20:49.434 [restartedMain] INFO  o.s.c.ehcache.EhCacheManagerFactoryBean - Initializing EhCache CacheManager
18:20:49.782 [restartedMain] INFO  o.s.w.s.m.m.a.RequestMappingHandlerAdapter - Looking for @ControllerAdvice: org.springframework.boot.context.embedded.AnnotationConfigEmbeddedWebApplicationContext@422911cb: startup date [Wed Dec 27 18:20:46 CST 2017]; root of context hierarchy
18:20:49.841 [restartedMain] INFO  o.s.w.s.m.m.a.RequestMappingHandlerMapping - Mapped "{[/error]}" onto public org.springframework.http.ResponseEntity<java.util.Map<java.lang.String, java.lang.Object>> org.springframework.boot.autoconfigure.web.BasicErrorController.error(javax.servlet.http.HttpServletRequest)
18:20:49.842 [restartedMain] INFO  o.s.w.s.m.m.a.RequestMappingHandlerMapping - Mapped "{[/error],produces=[text/html]}" onto public org.springframework.web.servlet.ModelAndView org.springframework.boot.autoconfigure.web.BasicErrorController.errorHtml(javax.servlet.http.HttpServletRequest,javax.servlet.http.HttpServletResponse)
18:20:49.870 [restartedMain] INFO  o.s.w.s.handler.SimpleUrlHandlerMapping - Mapped URL path [/webjars/**] onto handler of type [class org.springframework.web.servlet.resource.ResourceHttpRequestHandler]
18:20:49.870 [restartedMain] INFO  o.s.w.s.handler.SimpleUrlHandlerMapping - Mapped URL path [/**] onto handler of type [class org.springframework.web.servlet.resource.ResourceHttpRequestHandler]
18:20:49.906 [restartedMain] INFO  o.s.w.s.handler.SimpleUrlHandlerMapping - Mapped URL path [/**/favicon.ico] onto handler of type [class org.springframework.web.servlet.resource.ResourceHttpRequestHandler]
18:20:50.141 [restartedMain] INFO  o.s.b.a.s.AuthenticationManagerConfiguration - 

Using default security password: c8e1661e-1ac5-445d-8ea0-79178126cad2

18:20:50.179 [restartedMain] INFO  o.s.s.web.DefaultSecurityFilterChain - Creating filter chain: OrRequestMatcher [requestMatchers=[Ant [pattern='/css/**'], Ant [pattern='/js/**'], Ant [pattern='/images/**'], Ant [pattern='/webjars/**'], Ant [pattern='/**/favicon.ico'], Ant [pattern='/error']]], []
18:20:50.236 [restartedMain] INFO  o.s.s.web.DefaultSecurityFilterChain - Creating filter chain: OrRequestMatcher [requestMatchers=[Ant [pattern='/**']]], [org.springframework.security.web.context.request.async.WebAsyncManagerIntegrationFilter@72d7a069, org.springframework.security.web.context.SecurityContextPersistenceFilter@6460ed39, org.springframework.security.web.header.HeaderWriterFilter@683043f1, org.springframework.security.web.authentication.logout.LogoutFilter@637e4a69, org.springframework.security.web.authentication.www.BasicAuthenticationFilter@14bf54a3, org.springframework.security.web.savedrequest.RequestCacheAwareFilter@49248ad9, org.springframework.security.web.servletapi.SecurityContextHolderAwareRequestFilter@2f91fe40, org.springframework.security.web.authentication.AnonymousAuthenticationFilter@4f9dc756, org.springframework.security.web.session.SessionManagementFilter@27197533, org.springframework.security.web.access.ExceptionTranslationFilter@2581810, org.springframework.security.web.access.intercept.FilterSecurityInterceptor@6d92e4b1]
18:20:50.332 [restartedMain] INFO  o.s.b.d.a.OptionalLiveReloadServer - LiveReload server is running on port 35729
18:20:50.369 [restartedMain] INFO  o.s.j.e.a.AnnotationMBeanExporter - Registering beans for JMX exposure on startup
18:20:50.370 [restartedMain] INFO  o.s.j.e.a.AnnotationMBeanExporter - Bean with name 'dataSource' has been autodetected for JMX exposure
18:20:50.374 [restartedMain] INFO  o.s.j.e.a.AnnotationMBeanExporter - Located MBean 'dataSource': registering with JMX server as MBean [com.alibaba.druid.pool:name=dataSource,type=DruidDataSource]
18:20:50.386 [restartedMain] INFO  o.apache.coyote.http11.Http11NioProtocol - Initializing ProtocolHandler ["http-nio-8080"]
18:20:50.396 [restartedMain] INFO  o.apache.coyote.http11.Http11NioProtocol - Starting ProtocolHandler ["http-nio-8080"]
18:20:50.404 [restartedMain] INFO  o.apache.tomcat.util.net.NioSelectorPool - Using a shared selector for servlet write/read
18:20:50.426 [restartedMain] INFO  o.s.b.c.e.t.TomcatEmbeddedServletContainer - Tomcat started on port(s): 8080 (http)
18:20:50.429 [restartedMain] INFO  com.chengtech.ChengtechApplication - Started ChengtechApplication in 4.709 seconds (JVM running for 5.402)
18:23:35.580 [Thread-8] INFO  o.s.b.c.e.AnnotationConfigEmbeddedWebApplicationContext - Closing org.springframework.boot.context.embedded.AnnotationConfigEmbeddedWebApplicationContext@422911cb: startup date [Wed Dec 27 18:20:46 CST 2017]; root of context hierarchy
18:23:35.588 [Thread-8] INFO  o.s.j.e.a.AnnotationMBeanExporter - Unregistering JMX-exposed beans on shutdown
18:23:35.588 [Thread-8] INFO  o.s.j.e.a.AnnotationMBeanExporter - Unregistering JMX-exposed beans
18:23:35.591 [Thread-8] INFO  o.s.c.ehcache.EhCacheManagerFactoryBean - Shutting down EhCache CacheManager
18:23:35.600 [Thread-8] INFO  o.s.o.j.LocalContainerEntityManagerFactoryBean - Closing JPA EntityManagerFactory for persistence unit 'default'
18:23:35.605 [Thread-8] INFO  com.alibaba.druid.pool.DruidDataSource - {dataSource-1} closed
18:23:35.962 [restartedMain] INFO  com.chengtech.ChengtechApplication - Starting ChengtechApplication on USERCHI-RRDBCTT with PID 6020 (F:\javaproject\chengtech\target\classes started by Administrator in F:\javaproject\chengtech)
18:23:35.962 [restartedMain] INFO  com.chengtech.ChengtechApplication - No active profile set, falling back to default profiles: default
18:23:35.964 [restartedMain] INFO  o.s.b.c.e.AnnotationConfigEmbeddedWebApplicationContext - Refreshing org.springframework.boot.context.embedded.AnnotationConfigEmbeddedWebApplicationContext@6d8f84bc: startup date [Wed Dec 27 18:23:35 CST 2017]; root of context hierarchy
18:23:36.523 [restartedMain] INFO  o.s.b.c.e.t.TomcatEmbeddedServletContainer - Tomcat initialized with port(s): 8080 (http)
18:23:36.523 [restartedMain] INFO  org.apache.catalina.core.StandardService - Starting service [Tomcat]
18:23:36.524 [restartedMain] INFO  org.apache.catalina.core.StandardEngine - Starting Servlet Engine: Apache Tomcat/8.5.23
18:23:36.609 [localhost-startStop-1] INFO  org.apache.jasper.servlet.TldScanner - At least one JAR was scanned for TLDs yet contained no TLDs. Enable debug logging for this logger for a complete list of JARs that were scanned but no TLDs were found in them. Skipping unneeded JARs during scanning can improve startup time and JSP compilation time.
18:23:36.612 [localhost-startStop-1] INFO  o.a.c.c.C.[Tomcat].[localhost].[/] - Initializing Spring embedded WebApplicationContext
18:23:36.612 [localhost-startStop-1] INFO  o.s.web.context.ContextLoader - Root WebApplicationContext: initialization completed in 648 ms
18:23:36.647 [localhost-startStop-1] INFO  o.s.b.web.servlet.FilterRegistrationBean - Mapping filter: 'characterEncodingFilter' to: [/*]
18:23:36.647 [localhost-startStop-1] INFO  o.s.b.web.servlet.FilterRegistrationBean - Mapping filter: 'hiddenHttpMethodFilter' to: [/*]
18:23:36.647 [localhost-startStop-1] INFO  o.s.b.web.servlet.FilterRegistrationBean - Mapping filter: 'httpPutFormContentFilter' to: [/*]
18:23:36.647 [localhost-startStop-1] INFO  o.s.b.web.servlet.FilterRegistrationBean - Mapping filter: 'requestContextFilter' to: [/*]
18:23:36.647 [localhost-startStop-1] INFO  o.s.b.w.s.DelegatingFilterProxyRegistrationBean - Mapping filter: 'springSecurityFilterChain' to: [/*]
18:23:36.647 [localhost-startStop-1] INFO  o.s.b.w.servlet.ServletRegistrationBean - Mapping servlet: 'dispatcherServlet' to [/]
18:23:36.672 [restartedMain] INFO  o.s.o.j.LocalContainerEntityManagerFactoryBean - Building JPA container EntityManagerFactory for persistence unit 'default'
18:23:36.672 [restartedMain] INFO  o.hibernate.jpa.internal.util.LogHelper - HHH000204: Processing PersistenceUnitInfo [
	name: default
	...]
18:23:36.701 [restartedMain] INFO  com.alibaba.druid.pool.DruidDataSource - {dataSource-2} inited
18:23:36.702 [restartedMain] INFO  org.hibernate.dialect.Dialect - HHH000400: Using dialect: org.hibernate.dialect.MySQL5Dialect
18:23:36.733 [restartedMain] INFO  org.hibernate.tool.hbm2ddl.SchemaUpdate - HHH000228: Running hbm2ddl schema update
18:23:37.112 [restartedMain] INFO  o.s.o.j.LocalContainerEntityManagerFactoryBean - Initialized JPA EntityManagerFactory for persistence unit 'default'
18:23:37.160 [restartedMain] INFO  o.s.c.ehcache.EhCacheManagerFactoryBean - Initializing EhCache CacheManager
18:23:37.237 [restartedMain] INFO  o.s.w.s.m.m.a.RequestMappingHandlerAdapter - Looking for @ControllerAdvice: org.springframework.boot.context.embedded.AnnotationConfigEmbeddedWebApplicationContext@6d8f84bc: startup date [Wed Dec 27 18:23:35 CST 2017]; root of context hierarchy
18:23:37.244 [restartedMain] INFO  o.s.w.s.m.m.a.RequestMappingHandlerMapping - Mapped "{[/error]}" onto public org.springframework.http.ResponseEntity<java.util.Map<java.lang.String, java.lang.Object>> org.springframework.boot.autoconfigure.web.BasicErrorController.error(javax.servlet.http.HttpServletRequest)
18:23:37.245 [restartedMain] INFO  o.s.w.s.m.m.a.RequestMappingHandlerMapping - Mapped "{[/error],produces=[text/html]}" onto public org.springframework.web.servlet.ModelAndView org.springframework.boot.autoconfigure.web.BasicErrorController.errorHtml(javax.servlet.http.HttpServletRequest,javax.servlet.http.HttpServletResponse)
18:23:37.250 [restartedMain] INFO  o.s.w.s.handler.SimpleUrlHandlerMapping - Mapped URL path [/webjars/**] onto handler of type [class org.springframework.web.servlet.resource.ResourceHttpRequestHandler]
18:23:37.250 [restartedMain] INFO  o.s.w.s.handler.SimpleUrlHandlerMapping - Mapped URL path [/**] onto handler of type [class org.springframework.web.servlet.resource.ResourceHttpRequestHandler]
18:23:37.257 [restartedMain] INFO  o.s.w.s.handler.SimpleUrlHandlerMapping - Mapped URL path [/**/favicon.ico] onto handler of type [class org.springframework.web.servlet.resource.ResourceHttpRequestHandler]
18:23:37.311 [restartedMain] INFO  o.s.b.a.s.AuthenticationManagerConfiguration - 

Using default security password: 084b6821-83ec-46b5-b98e-7d62da5dec21

18:23:37.313 [restartedMain] INFO  o.s.s.web.DefaultSecurityFilterChain - Creating filter chain: OrRequestMatcher [requestMatchers=[Ant [pattern='/css/**'], Ant [pattern='/js/**'], Ant [pattern='/images/**'], Ant [pattern='/webjars/**'], Ant [pattern='/**/favicon.ico'], Ant [pattern='/error']]], []
18:23:37.318 [restartedMain] INFO  o.s.s.web.DefaultSecurityFilterChain - Creating filter chain: OrRequestMatcher [requestMatchers=[Ant [pattern='/**']]], [org.springframework.security.web.context.request.async.WebAsyncManagerIntegrationFilter@68448757, org.springframework.security.web.context.SecurityContextPersistenceFilter@174a893e, org.springframework.security.web.header.HeaderWriterFilter@6eb06a6, org.springframework.security.web.authentication.logout.LogoutFilter@596d9672, org.springframework.security.web.authentication.www.BasicAuthenticationFilter@1a2df718, org.springframework.security.web.savedrequest.RequestCacheAwareFilter@76f9f489, org.springframework.security.web.servletapi.SecurityContextHolderAwareRequestFilter@28f912c6, org.springframework.security.web.authentication.AnonymousAuthenticationFilter@1994cf4e, org.springframework.security.web.session.SessionManagementFilter@6d838cdf, org.springframework.security.web.access.ExceptionTranslationFilter@87d35f3, org.springframework.security.web.access.intercept.FilterSecurityInterceptor@3cd2003]
18:23:37.340 [restartedMain] INFO  o.s.b.d.a.OptionalLiveReloadServer - LiveReload server is running on port 35729
18:23:37.366 [restartedMain] INFO  o.s.j.e.a.AnnotationMBeanExporter - Registering beans for JMX exposure on startup
18:23:37.367 [restartedMain] INFO  o.s.j.e.a.AnnotationMBeanExporter - Bean with name 'dataSource' has been autodetected for JMX exposure
18:23:37.368 [restartedMain] INFO  o.s.j.e.a.AnnotationMBeanExporter - Located MBean 'dataSource': registering with JMX server as MBean [com.alibaba.druid.pool:name=dataSource,type=DruidDataSource]
18:23:37.372 [restartedMain] INFO  o.apache.coyote.http11.Http11NioProtocol - Initializing ProtocolHandler ["http-nio-8080"]
18:23:37.372 [restartedMain] INFO  o.apache.coyote.http11.Http11NioProtocol - Starting ProtocolHandler ["http-nio-8080"]
18:23:37.374 [restartedMain] INFO  o.apache.tomcat.util.net.NioSelectorPool - Using a shared selector for servlet write/read
18:23:37.377 [restartedMain] INFO  o.s.b.c.e.t.TomcatEmbeddedServletContainer - Tomcat started on port(s): 8080 (http)
18:23:37.379 [restartedMain] INFO  com.chengtech.ChengtechApplication - Started ChengtechApplication in 1.448 seconds (JVM running for 172.352)
18:43:05.305 [Thread-12] INFO  o.s.b.c.e.AnnotationConfigEmbeddedWebApplicationContext - Closing org.springframework.boot.context.embedded.AnnotationConfigEmbeddedWebApplicationContext@6d8f84bc: startup date [Wed Dec 27 18:23:35 CST 2017]; root of context hierarchy
18:43:05.308 [Thread-12] INFO  o.s.j.e.a.AnnotationMBeanExporter - Unregistering JMX-exposed beans on shutdown
18:43:05.309 [Thread-12] INFO  o.s.j.e.a.AnnotationMBeanExporter - Unregistering JMX-exposed beans
18:43:05.310 [Thread-12] INFO  o.s.c.ehcache.EhCacheManagerFactoryBean - Shutting down EhCache CacheManager
18:43:05.339 [Thread-12] INFO  o.s.o.j.LocalContainerEntityManagerFactoryBean - Closing JPA EntityManagerFactory for persistence unit 'default'
18:43:05.344 [Thread-12] INFO  com.alibaba.druid.pool.DruidDataSource - {dataSource-2} closed
18:43:05.833 [restartedMain] INFO  com.chengtech.ChengtechApplication - Starting ChengtechApplication on USERCHI-RRDBCTT with PID 6020 (F:\javaproject\chengtech\target\classes started by Administrator in F:\javaproject\chengtech)
18:43:05.833 [restartedMain] INFO  com.chengtech.ChengtechApplication - No active profile set, falling back to default profiles: default
18:43:05.835 [restartedMain] INFO  o.s.b.c.e.AnnotationConfigEmbeddedWebApplicationContext - Refreshing org.springframework.boot.context.embedded.AnnotationConfigEmbeddedWebApplicationContext@62a4d2ad: startup date [Wed Dec 27 18:43:05 CST 2017]; root of context hierarchy
18:43:06.392 [restartedMain] INFO  o.s.b.c.e.t.TomcatEmbeddedServletContainer - Tomcat initialized with port(s): 8080 (http)
18:43:06.392 [restartedMain] INFO  org.apache.catalina.core.StandardService - Starting service [Tomcat]
18:43:06.392 [restartedMain] INFO  org.apache.catalina.core.StandardEngine - Starting Servlet Engine: Apache Tomcat/8.5.23
18:43:06.462 [localhost-startStop-1] INFO  org.apache.jasper.servlet.TldScanner - At least one JAR was scanned for TLDs yet contained no TLDs. Enable debug logging for this logger for a complete list of JARs that were scanned but no TLDs were found in them. Skipping unneeded JARs during scanning can improve startup time and JSP compilation time.
18:43:06.465 [localhost-startStop-1] INFO  o.a.c.c.C.[Tomcat].[localhost].[/] - Initializing Spring embedded WebApplicationContext
18:43:06.465 [localhost-startStop-1] INFO  o.s.web.context.ContextLoader - Root WebApplicationContext: initialization completed in 630 ms
18:43:06.500 [localhost-startStop-1] INFO  o.s.b.web.servlet.FilterRegistrationBean - Mapping filter: 'characterEncodingFilter' to: [/*]
18:43:06.500 [localhost-startStop-1] INFO  o.s.b.web.servlet.FilterRegistrationBean - Mapping filter: 'hiddenHttpMethodFilter' to: [/*]
18:43:06.500 [localhost-startStop-1] INFO  o.s.b.web.servlet.FilterRegistrationBean - Mapping filter: 'httpPutFormContentFilter' to: [/*]
18:43:06.500 [localhost-startStop-1] INFO  o.s.b.web.servlet.FilterRegistrationBean - Mapping filter: 'requestContextFilter' to: [/*]
18:43:06.500 [localhost-startStop-1] INFO  o.s.b.w.s.DelegatingFilterProxyRegistrationBean - Mapping filter: 'springSecurityFilterChain' to: [/*]
18:43:06.500 [localhost-startStop-1] INFO  o.s.b.w.servlet.ServletRegistrationBean - Mapping servlet: 'dispatcherServlet' to [/]
18:43:06.523 [restartedMain] INFO  o.s.o.j.LocalContainerEntityManagerFactoryBean - Building JPA container EntityManagerFactory for persistence unit 'default'
18:43:06.523 [restartedMain] INFO  o.hibernate.jpa.internal.util.LogHelper - HHH000204: Processing PersistenceUnitInfo [
	name: default
	...]
18:43:06.549 [restartedMain] INFO  com.alibaba.druid.pool.DruidDataSource - {dataSource-3} inited
18:43:06.550 [restartedMain] INFO  org.hibernate.dialect.Dialect - HHH000400: Using dialect: org.hibernate.dialect.MySQL5Dialect
18:43:06.574 [restartedMain] INFO  org.hibernate.tool.hbm2ddl.SchemaUpdate - HHH000228: Running hbm2ddl schema update
18:43:06.942 [restartedMain] INFO  o.s.o.j.LocalContainerEntityManagerFactoryBean - Initialized JPA EntityManagerFactory for persistence unit 'default'
18:43:06.986 [restartedMain] INFO  o.s.c.ehcache.EhCacheManagerFactoryBean - Initializing EhCache CacheManager
18:43:07.056 [restartedMain] INFO  o.s.w.s.m.m.a.RequestMappingHandlerAdapter - Looking for @ControllerAdvice: org.springframework.boot.context.embedded.AnnotationConfigEmbeddedWebApplicationContext@62a4d2ad: startup date [Wed Dec 27 18:43:05 CST 2017]; root of context hierarchy
18:43:07.062 [restartedMain] INFO  o.s.w.s.m.m.a.RequestMappingHandlerMapping - Mapped "{[/error]}" onto public org.springframework.http.ResponseEntity<java.util.Map<java.lang.String, java.lang.Object>> org.springframework.boot.autoconfigure.web.BasicErrorController.error(javax.servlet.http.HttpServletRequest)
18:43:07.062 [restartedMain] INFO  o.s.w.s.m.m.a.RequestMappingHandlerMapping - Mapped "{[/error],produces=[text/html]}" onto public org.springframework.web.servlet.ModelAndView org.springframework.boot.autoconfigure.web.BasicErrorController.errorHtml(javax.servlet.http.HttpServletRequest,javax.servlet.http.HttpServletResponse)
18:43:07.066 [restartedMain] INFO  o.s.w.s.handler.SimpleUrlHandlerMapping - Mapped URL path [/webjars/**] onto handler of type [class org.springframework.web.servlet.resource.ResourceHttpRequestHandler]
18:43:07.066 [restartedMain] INFO  o.s.w.s.handler.SimpleUrlHandlerMapping - Mapped URL path [/**] onto handler of type [class org.springframework.web.servlet.resource.ResourceHttpRequestHandler]
18:43:07.073 [restartedMain] INFO  o.s.w.s.handler.SimpleUrlHandlerMapping - Mapped URL path [/**/favicon.ico] onto handler of type [class org.springframework.web.servlet.resource.ResourceHttpRequestHandler]
18:43:07.126 [restartedMain] INFO  o.s.b.a.s.AuthenticationManagerConfiguration - 

Using default security password: 982295d0-5e2c-485f-8f35-56368ae5f5a0

18:43:07.127 [restartedMain] INFO  o.s.s.web.DefaultSecurityFilterChain - Creating filter chain: OrRequestMatcher [requestMatchers=[Ant [pattern='/css/**'], Ant [pattern='/js/**'], Ant [pattern='/images/**'], Ant [pattern='/webjars/**'], Ant [pattern='/**/favicon.ico'], Ant [pattern='/error']]], []
18:43:07.131 [restartedMain] INFO  o.s.s.web.DefaultSecurityFilterChain - Creating filter chain: OrRequestMatcher [requestMatchers=[Ant [pattern='/**']]], [org.springframework.security.web.context.request.async.WebAsyncManagerIntegrationFilter@72144c36, org.springframework.security.web.context.SecurityContextPersistenceFilter@63d4a8b8, org.springframework.security.web.header.HeaderWriterFilter@38a22b02, org.springframework.security.web.authentication.logout.LogoutFilter@417ad95b, org.springframework.security.web.authentication.www.BasicAuthenticationFilter@72d28a4, org.springframework.security.web.savedrequest.RequestCacheAwareFilter@5f02478d, org.springframework.security.web.servletapi.SecurityContextHolderAwareRequestFilter@76d19d54, org.springframework.security.web.authentication.AnonymousAuthenticationFilter@3b74550b, org.springframework.security.web.session.SessionManagementFilter@71e8de93, org.springframework.security.web.access.ExceptionTranslationFilter@19a4b9c6, org.springframework.security.web.access.intercept.FilterSecurityInterceptor@493ee5c3]
18:43:07.160 [restartedMain] INFO  o.s.b.d.a.OptionalLiveReloadServer - LiveReload server is running on port 35729
18:43:07.186 [RMI TCP Connection(2)-192.168.3.65] INFO  o.s.b.a.SpringApplicationAdminMXBeanRegistrar$SpringApplicationAdmin - Application shutdown requested.
18:43:07.204 [restartedMain] INFO  o.s.j.e.a.AnnotationMBeanExporter - Registering beans for JMX exposure on startup
18:43:07.204 [restartedMain] INFO  o.s.j.e.a.AnnotationMBeanExporter - Bean with name 'dataSource' has been autodetected for JMX exposure
18:43:07.208 [restartedMain] INFO  o.s.j.e.a.AnnotationMBeanExporter - Located MBean 'dataSource': registering with JMX server as MBean [com.alibaba.druid.pool:name=dataSource,type=DruidDataSource]
18:43:07.212 [restartedMain] INFO  o.apache.coyote.http11.Http11NioProtocol - Initializing ProtocolHandler ["http-nio-8080"]
18:43:07.212 [restartedMain] INFO  o.apache.coyote.http11.Http11NioProtocol - Starting ProtocolHandler ["http-nio-8080"]
18:43:07.214 [restartedMain] INFO  o.apache.tomcat.util.net.NioSelectorPool - Using a shared selector for servlet write/read
18:43:07.217 [restartedMain] INFO  o.s.b.c.e.t.TomcatEmbeddedServletContainer - Tomcat started on port(s): 8080 (http)
18:43:07.218 [RMI TCP Connection(2)-192.168.3.65] INFO  o.s.b.c.e.AnnotationConfigEmbeddedWebApplicationContext - Closing org.springframework.boot.context.embedded.AnnotationConfigEmbeddedWebApplicationContext@62a4d2ad: startup date [Wed Dec 27 18:43:05 CST 2017]; root of context hierarchy
18:43:07.219 [restartedMain] INFO  com.chengtech.ChengtechApplication - Started ChengtechApplication in 1.421 seconds (JVM running for 1342.191)
18:43:07.219 [RMI TCP Connection(2)-192.168.3.65] INFO  o.s.j.e.a.AnnotationMBeanExporter - Unregistering JMX-exposed beans on shutdown
18:43:07.220 [RMI TCP Connection(2)-192.168.3.65] INFO  o.s.j.e.a.AnnotationMBeanExporter - Unregistering JMX-exposed beans
18:43:07.220 [RMI TCP Connection(2)-192.168.3.65] INFO  o.s.c.ehcache.EhCacheManagerFactoryBean - Shutting down EhCache CacheManager
18:43:07.221 [RMI TCP Connection(2)-192.168.3.65] INFO  o.s.o.j.LocalContainerEntityManagerFactoryBean - Closing JPA EntityManagerFactory for persistence unit 'default'
18:43:07.224 [RMI TCP Connection(2)-192.168.3.65] INFO  com.alibaba.druid.pool.DruidDataSource - {dataSource-3} closed
